running egg_info
creating ../../../build/geolocation/geolocation.egg-info
writing ../../../build/geolocation/geolocation.egg-info/PKG-INFO
writing dependency_links to ../../../build/geolocation/geolocation.egg-info/dependency_links.txt
writing requirements to ../../../build/geolocation/geolocation.egg-info/requires.txt
writing top-level names to ../../../build/geolocation/geolocation.egg-info/top_level.txt
writing manifest file '../../../build/geolocation/geolocation.egg-info/SOURCES.txt'
reading manifest file '../../../build/geolocation/geolocation.egg-info/SOURCES.txt'
writing manifest file '../../../build/geolocation/geolocation.egg-info/SOURCES.txt'
running build
running build_py
creating /home/aerosar/ws/build/geolocation/build/lib/geolocation
copying geolocation/__init__.py -> /home/aerosar/ws/build/geolocation/build/lib/geolocation
running install
running install_lib
creating /home/aerosar/ws/install/geolocation/lib/python3.12/site-packages/geolocation
copying /home/aerosar/ws/build/geolocation/build/lib/geolocation/__init__.py -> /home/aerosar/ws/install/geolocation/lib/python3.12/site-packages/geolocation
byte-compiling /home/aerosar/ws/install/geolocation/lib/python3.12/site-packages/geolocation/__init__.py to __init__.cpython-312.pyc
running install_data
creating /home/aerosar/ws/install/geolocation/share/ament_index/resource_index/packages
copying resource/geolocation -> /home/aerosar/ws/install/geolocation/share/ament_index/resource_index/packages
copying package.xml -> /home/aerosar/ws/install/geolocation/share/geolocation
running install_egg_info
Copying ../../../build/geolocation/geolocation.egg-info to /home/aerosar/ws/install/geolocation/lib/python3.12/site-packages/geolocation-0.0.0-py3.12.egg-info
running install_scripts
writing list of installed files to '/home/aerosar/ws/build/geolocation/install.log'
