[1.343s] Invoking command in '/home/aerosar/ws/src/4_perception/geolocation': PYTHONPATH=/home/aerosar/ws/build/geolocation/prefix_override:/usr/lib/python3/dist-packages/colcon_core/task/python/colcon_distutils_commands:/home/aerosar/ws/install/geolocation/lib/python3.12/site-packages:${PYTHONPATH} /usr/bin/python3 -W ignore:setup.py install is deprecated -W ignore:easy_install command is deprecated setup.py egg_info --egg-base ../../../build/geolocation build --build-base /home/aerosar/ws/build/geolocation/build install --record /home/aerosar/ws/build/geolocation/install.log --single-version-externally-managed install_data
[1.608s] running egg_info
[1.624s] creating ../../../build/geolocation/geolocation.egg-info
[1.624s] writing ../../../build/geolocation/geolocation.egg-info/PKG-INFO
[1.625s] writing dependency_links to ../../../build/geolocation/geolocation.egg-info/dependency_links.txt
[1.626s] writing requirements to ../../../build/geolocation/geolocation.egg-info/requires.txt
[1.626s] writing top-level names to ../../../build/geolocation/geolocation.egg-info/top_level.txt
[1.626s] writing manifest file '../../../build/geolocation/geolocation.egg-info/SOURCES.txt'
[1.660s] reading manifest file '../../../build/geolocation/geolocation.egg-info/SOURCES.txt'
[1.661s] writing manifest file '../../../build/geolocation/geolocation.egg-info/SOURCES.txt'
[1.661s] running build
[1.661s] running build_py
[1.661s] creating /home/aerosar/ws/build/geolocation/build/lib/geolocation
[1.661s] copying geolocation/__init__.py -> /home/aerosar/ws/build/geolocation/build/lib/geolocation
[1.661s] running install
[1.666s] running install_lib
[1.683s] creating /home/aerosar/ws/install/geolocation/lib/python3.12/site-packages/geolocation
[1.683s] copying /home/aerosar/ws/build/geolocation/build/lib/geolocation/__init__.py -> /home/aerosar/ws/install/geolocation/lib/python3.12/site-packages/geolocation
[1.684s] byte-compiling /home/aerosar/ws/install/geolocation/lib/python3.12/site-packages/geolocation/__init__.py to __init__.cpython-312.pyc
[1.684s] running install_data
[1.684s] creating /home/aerosar/ws/install/geolocation/share/ament_index/resource_index/packages
[1.684s] copying resource/geolocation -> /home/aerosar/ws/install/geolocation/share/ament_index/resource_index/packages
[1.684s] copying package.xml -> /home/aerosar/ws/install/geolocation/share/geolocation
[1.684s] running install_egg_info
[1.702s] Copying ../../../build/geolocation/geolocation.egg-info to /home/aerosar/ws/install/geolocation/lib/python3.12/site-packages/geolocation-0.0.0-py3.12.egg-info
[1.702s] running install_scripts
[1.735s] writing list of installed files to '/home/aerosar/ws/build/geolocation/install.log'
[1.757s] Invoked command in '/home/aerosar/ws/src/4_perception/geolocation' returned '0': PYTHONPATH=/home/aerosar/ws/build/geolocation/prefix_override:/usr/lib/python3/dist-packages/colcon_core/task/python/colcon_distutils_commands:/home/aerosar/ws/install/geolocation/lib/python3.12/site-packages:${PYTHONPATH} /usr/bin/python3 -W ignore:setup.py install is deprecated -W ignore:easy_install command is deprecated setup.py egg_info --egg-base ../../../build/geolocation build --build-base /home/aerosar/ws/build/geolocation/build install --record /home/aerosar/ws/build/geolocation/install.log --single-version-externally-managed install_data
