running egg_info
creating ../../../build/perception/perception.egg-info
writing ../../../build/perception/perception.egg-info/PKG-INFO
writing dependency_links to ../../../build/perception/perception.egg-info/dependency_links.txt
writing requirements to ../../../build/perception/perception.egg-info/requires.txt
writing top-level names to ../../../build/perception/perception.egg-info/top_level.txt
writing manifest file '../../../build/perception/perception.egg-info/SOURCES.txt'
reading manifest file '../../../build/perception/perception.egg-info/SOURCES.txt'
writing manifest file '../../../build/perception/perception.egg-info/SOURCES.txt'
running build
running build_py
creating /home/aerosar/ws/build/perception/build/lib/perception
copying perception/__init__.py -> /home/aerosar/ws/build/perception/build/lib/perception
running install
running install_lib
creating /home/aerosar/ws/install/perception/lib/python3.12/site-packages/perception
copying /home/aerosar/ws/build/perception/build/lib/perception/__init__.py -> /home/aerosar/ws/install/perception/lib/python3.12/site-packages/perception
byte-compiling /home/aerosar/ws/install/perception/lib/python3.12/site-packages/perception/__init__.py to __init__.cpython-312.pyc
running install_data
creating /home/aerosar/ws/install/perception/share/ament_index/resource_index/packages
copying resource/perception -> /home/aerosar/ws/install/perception/share/ament_index/resource_index/packages
copying package.xml -> /home/aerosar/ws/install/perception/share/perception
running install_egg_info
Copying ../../../build/perception/perception.egg-info to /home/aerosar/ws/install/perception/lib/python3.12/site-packages/perception-0.0.0-py3.12.egg-info
running install_scripts
writing list of installed files to '/home/aerosar/ws/build/perception/install.log'
