[1.342s] Invoking command in '/home/aerosar/ws/src/4_perception/perception': PYTHONPATH=/home/aerosar/ws/build/perception/prefix_override:/usr/lib/python3/dist-packages/colcon_core/task/python/colcon_distutils_commands:/home/aerosar/ws/install/perception/lib/python3.12/site-packages:${PYTHONPATH} /usr/bin/python3 -W ignore:setup.py install is deprecated -W ignore:easy_install command is deprecated setup.py egg_info --egg-base ../../../build/perception build --build-base /home/aerosar/ws/build/perception/build install --record /home/aerosar/ws/build/perception/install.log --single-version-externally-managed install_data
[1.608s] running egg_info
[1.624s] creating ../../../build/perception/perception.egg-info
[1.625s] writing ../../../build/perception/perception.egg-info/PKG-INFO
[1.625s] writing dependency_links to ../../../build/perception/perception.egg-info/dependency_links.txt
[1.625s] writing requirements to ../../../build/perception/perception.egg-info/requires.txt
[1.625s] writing top-level names to ../../../build/perception/perception.egg-info/top_level.txt
[1.625s] writing manifest file '../../../build/perception/perception.egg-info/SOURCES.txt'
[1.660s] reading manifest file '../../../build/perception/perception.egg-info/SOURCES.txt'
[1.661s] writing manifest file '../../../build/perception/perception.egg-info/SOURCES.txt'
[1.661s] running build
[1.661s] running build_py
[1.661s] creating /home/aerosar/ws/build/perception/build/lib/perception
[1.662s] copying perception/__init__.py -> /home/aerosar/ws/build/perception/build/lib/perception
[1.662s] running install
[1.667s] running install_lib
[1.684s] creating /home/aerosar/ws/install/perception/lib/python3.12/site-packages/perception
[1.684s] copying /home/aerosar/ws/build/perception/build/lib/perception/__init__.py -> /home/aerosar/ws/install/perception/lib/python3.12/site-packages/perception
[1.684s] byte-compiling /home/aerosar/ws/install/perception/lib/python3.12/site-packages/perception/__init__.py to __init__.cpython-312.pyc
[1.685s] running install_data
[1.685s] creating /home/aerosar/ws/install/perception/share/ament_index/resource_index/packages
[1.685s] copying resource/perception -> /home/aerosar/ws/install/perception/share/ament_index/resource_index/packages
[1.685s] copying package.xml -> /home/aerosar/ws/install/perception/share/perception
[1.685s] running install_egg_info
[1.703s] Copying ../../../build/perception/perception.egg-info to /home/aerosar/ws/install/perception/lib/python3.12/site-packages/perception-0.0.0-py3.12.egg-info
[1.704s] running install_scripts
[1.736s] writing list of installed files to '/home/aerosar/ws/build/perception/install.log'
[1.762s] Invoked command in '/home/aerosar/ws/src/4_perception/perception' returned '0': PYTHONPATH=/home/aerosar/ws/build/perception/prefix_override:/usr/lib/python3/dist-packages/colcon_core/task/python/colcon_distutils_commands:/home/aerosar/ws/install/perception/lib/python3.12/site-packages:${PYTHONPATH} /usr/bin/python3 -W ignore:setup.py install is deprecated -W ignore:easy_install command is deprecated setup.py egg_info --egg-base ../../../build/perception build --build-base /home/aerosar/ws/build/perception/build install --record /home/aerosar/ws/build/perception/install.log --single-version-externally-managed install_data
