running egg_info
creating ../../../build/mapping/mapping.egg-info
writing ../../../build/mapping/mapping.egg-info/PKG-INFO
writing dependency_links to ../../../build/mapping/mapping.egg-info/dependency_links.txt
writing requirements to ../../../build/mapping/mapping.egg-info/requires.txt
writing top-level names to ../../../build/mapping/mapping.egg-info/top_level.txt
writing manifest file '../../../build/mapping/mapping.egg-info/SOURCES.txt'
reading manifest file '../../../build/mapping/mapping.egg-info/SOURCES.txt'
writing manifest file '../../../build/mapping/mapping.egg-info/SOURCES.txt'
running build
running build_py
creating /home/aerosar/ws/build/mapping/build/lib/mapping
copying mapping/__init__.py -> /home/aerosar/ws/build/mapping/build/lib/mapping
running install
running install_lib
creating /home/aerosar/ws/install/mapping/lib/python3.12/site-packages/mapping
copying /home/aerosar/ws/build/mapping/build/lib/mapping/__init__.py -> /home/aerosar/ws/install/mapping/lib/python3.12/site-packages/mapping
byte-compiling /home/aerosar/ws/install/mapping/lib/python3.12/site-packages/mapping/__init__.py to __init__.cpython-312.pyc
running install_data
creating /home/aerosar/ws/install/mapping/share/ament_index/resource_index/packages
copying resource/mapping -> /home/aerosar/ws/install/mapping/share/ament_index/resource_index/packages
copying package.xml -> /home/aerosar/ws/install/mapping/share/mapping
running install_egg_info
Copying ../../../build/mapping/mapping.egg-info to /home/aerosar/ws/install/mapping/lib/python3.12/site-packages/mapping-0.0.0-py3.12.egg-info
running install_scripts
writing list of installed files to '/home/aerosar/ws/build/mapping/install.log'
