[0.469s] Invoking command in '/home/aerosar/ws/build/mission_manager': CMAKE_PREFIX_PATH=${CMAKE_PREFIX_PATH}:/opt/ros/jazzy /usr/bin/cmake /home/aerosar/ws/src/2_control/mission_manager -DAMENT_CMAKE_SYMLINK_INSTALL=1 -DCMAKE_INSTALL_PREFIX=/home/aerosar/ws/install/mission_manager
[0.795s] -- The C compiler identification is GNU 13.3.0
[0.795s] -- The CXX compiler identification is GNU 13.3.0
[0.795s] -- Detecting C compiler ABI info
[0.795s] -- Detecting C compiler ABI info - done
[0.795s] -- Check for working C compiler: /usr/bin/cc - skipped
[0.795s] -- Detecting C compile features
[0.795s] -- Detecting C compile features - done
[0.795s] -- Detecting CXX compiler ABI info
[0.795s] -- Detecting CXX compiler ABI info - done
[0.795s] -- Check for working CXX compiler: /usr/bin/c++ - skipped
[0.795s] -- Detecting CXX compile features
[0.795s] -- Detecting CXX compile features - done
[0.795s] -- Found ament_cmake: 2.5.6 (/opt/ros/jazzy/share/ament_cmake/cmake)
[0.880s] -- Found Python3: /usr/bin/python3 (found version "3.12.3") found components: Interpreter 
[0.942s] -- Override CMake install command with custom implementation using symlinks instead of copying resources
[1.017s] -- Found ament_lint_auto: 0.17.5 (/opt/ros/jazzy/share/ament_lint_auto/cmake)
[1.251s] -- Added test 'lint_cmake' to check CMake code style
[1.254s] -- Added test 'xmllint' to check XML markup files
[1.258s] -- Configuring done (0.8s)
[1.264s] -- Generating done (0.0s)
[1.267s] -- Build files have been written to: /home/aerosar/ws/build/mission_manager
[1.274s] Invoked command in '/home/aerosar/ws/build/mission_manager' returned '0': CMAKE_PREFIX_PATH=${CMAKE_PREFIX_PATH}:/opt/ros/jazzy /usr/bin/cmake /home/aerosar/ws/src/2_control/mission_manager -DAMENT_CMAKE_SYMLINK_INSTALL=1 -DCMAKE_INSTALL_PREFIX=/home/aerosar/ws/install/mission_manager
[1.275s] Invoking command in '/home/aerosar/ws/build/mission_manager': CMAKE_PREFIX_PATH=${CMAKE_PREFIX_PATH}:/opt/ros/jazzy /usr/bin/cmake --build /home/aerosar/ws/build/mission_manager -- -j24 -l24
[1.346s] Invoked command in '/home/aerosar/ws/build/mission_manager' returned '0': CMAKE_PREFIX_PATH=${CMAKE_PREFIX_PATH}:/opt/ros/jazzy /usr/bin/cmake --build /home/aerosar/ws/build/mission_manager -- -j24 -l24
[1.347s] Invoking command in '/home/aerosar/ws/build/mission_manager': CMAKE_PREFIX_PATH=${CMAKE_PREFIX_PATH}:/opt/ros/jazzy /usr/bin/cmake --install /home/aerosar/ws/build/mission_manager
[1.362s] -- Install configuration: ""
[1.362s] -- Execute custom install script
[1.363s] -- Symlinking: /home/aerosar/ws/install/mission_manager/share/ament_index/resource_index/package_run_dependencies/mission_manager
[1.378s] -- Symlinking: /home/aerosar/ws/install/mission_manager/share/ament_index/resource_index/parent_prefix_path/mission_manager
[1.389s] -- Symlinking: /home/aerosar/ws/install/mission_manager/share/mission_manager/environment/ament_prefix_path.sh
[1.402s] -- Symlinking: /home/aerosar/ws/install/mission_manager/share/mission_manager/environment/ament_prefix_path.dsv
[1.414s] -- Symlinking: /home/aerosar/ws/install/mission_manager/share/mission_manager/environment/path.sh
[1.426s] -- Symlinking: /home/aerosar/ws/install/mission_manager/share/mission_manager/environment/path.dsv
[1.437s] -- Symlinking: /home/aerosar/ws/install/mission_manager/share/mission_manager/local_setup.bash
[1.446s] -- Symlinking: /home/aerosar/ws/install/mission_manager/share/mission_manager/local_setup.sh
[1.456s] -- Symlinking: /home/aerosar/ws/install/mission_manager/share/mission_manager/local_setup.zsh
[1.465s] -- Symlinking: /home/aerosar/ws/install/mission_manager/share/mission_manager/local_setup.dsv
[1.474s] -- Symlinking: /home/aerosar/ws/install/mission_manager/share/mission_manager/package.dsv
[1.488s] -- Symlinking: /home/aerosar/ws/install/mission_manager/share/ament_index/resource_index/packages/mission_manager
[1.506s] -- Symlinking: /home/aerosar/ws/install/mission_manager/share/mission_manager/cmake/mission_managerConfig.cmake
[1.524s] -- Symlinking: /home/aerosar/ws/install/mission_manager/share/mission_manager/cmake/mission_managerConfig-version.cmake
[1.547s] -- Symlinking: /home/aerosar/ws/install/mission_manager/share/mission_manager/package.xml
[1.568s] Invoked command in '/home/aerosar/ws/build/mission_manager' returned '0': CMAKE_PREFIX_PATH=${CMAKE_PREFIX_PATH}:/opt/ros/jazzy /usr/bin/cmake --install /home/aerosar/ws/build/mission_manager
