[0.033s] Invoking command in '/home/aerosar/ws/build/bringup': CMAKE_PREFIX_PATH=${CMAKE_PREFIX_PATH}:/opt/ros/jazzy /usr/bin/cmake /home/aerosar/ws/src/1_interfaces/bringup -DAMENT_CMAKE_SYMLINK_INSTALL=1 -DCMAKE_INSTALL_PREFIX=/home/aerosar/ws/install/bringup
[0.809s] -- The C compiler identification is GNU 13.3.0
[0.809s] -- The CXX compiler identification is GNU 13.3.0
[0.809s] -- Detecting C compiler ABI info
[0.809s] -- Detecting C compiler ABI info - done
[0.809s] -- Check for working C compiler: /usr/bin/cc - skipped
[0.809s] -- Detecting C compile features
[0.809s] -- Detecting C compile features - done
[0.809s] -- Detecting CXX compiler ABI info
[0.809s] -- Detecting CXX compiler ABI info - done
[0.809s] -- Check for working CXX compiler: /usr/bin/c++ - skipped
[0.810s] -- Detecting CXX compile features
[0.810s] -- Detecting CXX compile features - done
[0.810s] -- Found ament_cmake: 2.5.6 (/opt/ros/jazzy/share/ament_cmake/cmake)
[0.810s] -- Found Python3: /usr/bin/python3 (found version "3.12.3") found components: Interpreter 
[0.810s] -- Override CMake install command with custom implementation using symlinks instead of copying resources
[0.810s] -- Found ament_lint_auto: 0.17.5 (/opt/ros/jazzy/share/ament_lint_auto/cmake)
[0.810s] -- Added test 'lint_cmake' to check CMake code style
[0.810s] -- Added test 'xmllint' to check XML markup files
[0.810s] -- Configuring done (0.7s)
[0.810s] -- Generating done (0.0s)
[0.810s] -- Build files have been written to: /home/aerosar/ws/build/bringup
[0.812s] Invoked command in '/home/aerosar/ws/build/bringup' returned '0': CMAKE_PREFIX_PATH=${CMAKE_PREFIX_PATH}:/opt/ros/jazzy /usr/bin/cmake /home/aerosar/ws/src/1_interfaces/bringup -DAMENT_CMAKE_SYMLINK_INSTALL=1 -DCMAKE_INSTALL_PREFIX=/home/aerosar/ws/install/bringup
[0.813s] Invoking command in '/home/aerosar/ws/build/bringup': CMAKE_PREFIX_PATH=${CMAKE_PREFIX_PATH}:/opt/ros/jazzy /usr/bin/cmake --build /home/aerosar/ws/build/bringup -- -j24 -l24
[0.983s] Invoked command in '/home/aerosar/ws/build/bringup' returned '0': CMAKE_PREFIX_PATH=${CMAKE_PREFIX_PATH}:/opt/ros/jazzy /usr/bin/cmake --build /home/aerosar/ws/build/bringup -- -j24 -l24
[0.999s] Invoking command in '/home/aerosar/ws/build/bringup': CMAKE_PREFIX_PATH=${CMAKE_PREFIX_PATH}:/opt/ros/jazzy /usr/bin/cmake --install /home/aerosar/ws/build/bringup
[1.008s] -- Install configuration: ""
[1.009s] -- Execute custom install script
[1.009s] -- Symlinking: /home/aerosar/ws/install/bringup/share/ament_index/resource_index/package_run_dependencies/bringup
[1.019s] -- Symlinking: /home/aerosar/ws/install/bringup/share/ament_index/resource_index/parent_prefix_path/bringup
[1.032s] -- Symlinking: /home/aerosar/ws/install/bringup/share/bringup/environment/ament_prefix_path.sh
[1.043s] -- Symlinking: /home/aerosar/ws/install/bringup/share/bringup/environment/ament_prefix_path.dsv
[1.055s] -- Symlinking: /home/aerosar/ws/install/bringup/share/bringup/environment/path.sh
[1.069s] -- Symlinking: /home/aerosar/ws/install/bringup/share/bringup/environment/path.dsv
[1.083s] -- Symlinking: /home/aerosar/ws/install/bringup/share/bringup/local_setup.bash
[1.094s] -- Symlinking: /home/aerosar/ws/install/bringup/share/bringup/local_setup.sh
[1.107s] -- Symlinking: /home/aerosar/ws/install/bringup/share/bringup/local_setup.zsh
[1.120s] -- Symlinking: /home/aerosar/ws/install/bringup/share/bringup/local_setup.dsv
[1.135s] -- Symlinking: /home/aerosar/ws/install/bringup/share/bringup/package.dsv
[1.151s] -- Symlinking: /home/aerosar/ws/install/bringup/share/ament_index/resource_index/packages/bringup
[1.170s] -- Symlinking: /home/aerosar/ws/install/bringup/share/bringup/cmake/bringupConfig.cmake
[1.189s] -- Symlinking: /home/aerosar/ws/install/bringup/share/bringup/cmake/bringupConfig-version.cmake
[1.205s] -- Symlinking: /home/aerosar/ws/install/bringup/share/bringup/package.xml
[1.225s] Invoked command in '/home/aerosar/ws/build/bringup' returned '0': CMAKE_PREFIX_PATH=${CMAKE_PREFIX_PATH}:/opt/ros/jazzy /usr/bin/cmake --install /home/aerosar/ws/build/bringup
