[0.469s] Invoking command in '/home/aerosar/ws/build/msgs': CMAKE_PREFIX_PATH=${CMAKE_PREFIX_PATH}:/opt/ros/jazzy /usr/bin/cmake /home/aerosar/ws/src/1_interfaces/msgs -DAMENT_CMAKE_SYMLINK_INSTALL=1 -DCMAKE_INSTALL_PREFIX=/home/aerosar/ws/install/msgs
[0.793s] -- The C compiler identification is GNU 13.3.0
[0.794s] -- The CXX compiler identification is GNU 13.3.0
[0.794s] -- Detecting C compiler ABI info
[0.794s] -- Detecting C compiler ABI info - done
[0.794s] -- Check for working C compiler: /usr/bin/cc - skipped
[0.794s] -- Detecting C compile features
[0.794s] -- Detecting C compile features - done
[0.794s] -- Detecting CXX compiler ABI info
[0.794s] -- Detecting CXX compiler ABI info - done
[0.794s] -- Check for working CXX compiler: /usr/bin/c++ - skipped
[0.794s] -- Detecting CXX compile features
[0.794s] -- Detecting CXX compile features - done
[0.794s] -- Found ament_cmake: 2.5.6 (/opt/ros/jazzy/share/ament_cmake/cmake)
[0.878s] -- Found Python3: /usr/bin/python3 (found version "3.12.3") found components: Interpreter 
[0.940s] -- Override CMake install command with custom implementation using symlinks instead of copying resources
[1.013s] -- Found ament_lint_auto: 0.17.5 (/opt/ros/jazzy/share/ament_lint_auto/cmake)
[1.220s] -- Added test 'lint_cmake' to check CMake code style
[1.223s] -- Added test 'xmllint' to check XML markup files
[1.227s] -- Configuring done (0.8s)
[1.232s] -- Generating done (0.0s)
[1.235s] -- Build files have been written to: /home/aerosar/ws/build/msgs
[1.243s] Invoked command in '/home/aerosar/ws/build/msgs' returned '0': CMAKE_PREFIX_PATH=${CMAKE_PREFIX_PATH}:/opt/ros/jazzy /usr/bin/cmake /home/aerosar/ws/src/1_interfaces/msgs -DAMENT_CMAKE_SYMLINK_INSTALL=1 -DCMAKE_INSTALL_PREFIX=/home/aerosar/ws/install/msgs
[1.244s] Invoking command in '/home/aerosar/ws/build/msgs': CMAKE_PREFIX_PATH=${CMAKE_PREFIX_PATH}:/opt/ros/jazzy /usr/bin/cmake --build /home/aerosar/ws/build/msgs -- -j24 -l24
[1.319s] Invoked command in '/home/aerosar/ws/build/msgs' returned '0': CMAKE_PREFIX_PATH=${CMAKE_PREFIX_PATH}:/opt/ros/jazzy /usr/bin/cmake --build /home/aerosar/ws/build/msgs -- -j24 -l24
[1.320s] Invoking command in '/home/aerosar/ws/build/msgs': CMAKE_PREFIX_PATH=${CMAKE_PREFIX_PATH}:/opt/ros/jazzy /usr/bin/cmake --install /home/aerosar/ws/build/msgs
[1.332s] -- Install configuration: ""
[1.333s] -- Execute custom install script
[1.334s] -- Symlinking: /home/aerosar/ws/install/msgs/share/ament_index/resource_index/package_run_dependencies/msgs
[1.348s] -- Symlinking: /home/aerosar/ws/install/msgs/share/ament_index/resource_index/parent_prefix_path/msgs
[1.364s] -- Symlinking: /home/aerosar/ws/install/msgs/share/msgs/environment/ament_prefix_path.sh
[1.377s] -- Symlinking: /home/aerosar/ws/install/msgs/share/msgs/environment/ament_prefix_path.dsv
[1.389s] -- Symlinking: /home/aerosar/ws/install/msgs/share/msgs/environment/path.sh
[1.403s] -- Symlinking: /home/aerosar/ws/install/msgs/share/msgs/environment/path.dsv
[1.414s] -- Symlinking: /home/aerosar/ws/install/msgs/share/msgs/local_setup.bash
[1.427s] -- Symlinking: /home/aerosar/ws/install/msgs/share/msgs/local_setup.sh
[1.437s] -- Symlinking: /home/aerosar/ws/install/msgs/share/msgs/local_setup.zsh
[1.445s] -- Symlinking: /home/aerosar/ws/install/msgs/share/msgs/local_setup.dsv
[1.455s] -- Symlinking: /home/aerosar/ws/install/msgs/share/msgs/package.dsv
[1.464s] -- Symlinking: /home/aerosar/ws/install/msgs/share/ament_index/resource_index/packages/msgs
[1.473s] -- Symlinking: /home/aerosar/ws/install/msgs/share/msgs/cmake/msgsConfig.cmake
[1.486s] -- Symlinking: /home/aerosar/ws/install/msgs/share/msgs/cmake/msgsConfig-version.cmake
[1.504s] -- Symlinking: /home/aerosar/ws/install/msgs/share/msgs/package.xml
[1.525s] Invoked command in '/home/aerosar/ws/build/msgs' returned '0': CMAKE_PREFIX_PATH=${CMAKE_PREFIX_PATH}:/opt/ros/jazzy /usr/bin/cmake --install /home/aerosar/ws/build/msgs
