running egg_info
creating ../../../build/reporting/reporting.egg-info
writing ../../../build/reporting/reporting.egg-info/PKG-INFO
writing dependency_links to ../../../build/reporting/reporting.egg-info/dependency_links.txt
writing requirements to ../../../build/reporting/reporting.egg-info/requires.txt
writing top-level names to ../../../build/reporting/reporting.egg-info/top_level.txt
writing manifest file '../../../build/reporting/reporting.egg-info/SOURCES.txt'
reading manifest file '../../../build/reporting/reporting.egg-info/SOURCES.txt'
writing manifest file '../../../build/reporting/reporting.egg-info/SOURCES.txt'
running build
running build_py
creating /home/aerosar/ws/build/reporting/build/lib/reporting
copying reporting/__init__.py -> /home/aerosar/ws/build/reporting/build/lib/reporting
running install
running install_lib
creating /home/aerosar/ws/install/reporting/lib/python3.12/site-packages/reporting
copying /home/aerosar/ws/build/reporting/build/lib/reporting/__init__.py -> /home/aerosar/ws/install/reporting/lib/python3.12/site-packages/reporting
byte-compiling /home/aerosar/ws/install/reporting/lib/python3.12/site-packages/reporting/__init__.py to __init__.cpython-312.pyc
running install_data
creating /home/aerosar/ws/install/reporting/share/ament_index/resource_index/packages
copying resource/reporting -> /home/aerosar/ws/install/reporting/share/ament_index/resource_index/packages
copying package.xml -> /home/aerosar/ws/install/reporting/share/reporting
running install_egg_info
Copying ../../../build/reporting/reporting.egg-info to /home/aerosar/ws/install/reporting/lib/python3.12/site-packages/reporting-0.0.0-py3.12.egg-info
running install_scripts
writing list of installed files to '/home/aerosar/ws/build/reporting/install.log'
