[1.364s] Invoking command in '/home/aerosar/ws/src/5_output/reporting': PYTHONPATH=/home/aerosar/ws/build/reporting/prefix_override:/usr/lib/python3/dist-packages/colcon_core/task/python/colcon_distutils_commands:/home/aerosar/ws/install/reporting/lib/python3.12/site-packages:${PYTHONPATH} /usr/bin/python3 -W ignore:setup.py install is deprecated -W ignore:easy_install command is deprecated setup.py egg_info --egg-base ../../../build/reporting build --build-base /home/aerosar/ws/build/reporting/build install --record /home/aerosar/ws/build/reporting/install.log --single-version-externally-managed install_data
[1.612s] running egg_info
[1.626s] creating ../../../build/reporting/reporting.egg-info
[1.626s] writing ../../../build/reporting/reporting.egg-info/PKG-INFO
[1.627s] writing dependency_links to ../../../build/reporting/reporting.egg-info/dependency_links.txt
[1.627s] writing requirements to ../../../build/reporting/reporting.egg-info/requires.txt
[1.627s] writing top-level names to ../../../build/reporting/reporting.egg-info/top_level.txt
[1.627s] writing manifest file '../../../build/reporting/reporting.egg-info/SOURCES.txt'
[1.660s] reading manifest file '../../../build/reporting/reporting.egg-info/SOURCES.txt'
[1.661s] writing manifest file '../../../build/reporting/reporting.egg-info/SOURCES.txt'
[1.661s] running build
[1.662s] running build_py
[1.662s] creating /home/aerosar/ws/build/reporting/build/lib/reporting
[1.662s] copying reporting/__init__.py -> /home/aerosar/ws/build/reporting/build/lib/reporting
[1.662s] running install
[1.666s] running install_lib
[1.682s] creating /home/aerosar/ws/install/reporting/lib/python3.12/site-packages/reporting
[1.682s] copying /home/aerosar/ws/build/reporting/build/lib/reporting/__init__.py -> /home/aerosar/ws/install/reporting/lib/python3.12/site-packages/reporting
[1.682s] byte-compiling /home/aerosar/ws/install/reporting/lib/python3.12/site-packages/reporting/__init__.py to __init__.cpython-312.pyc
[1.682s] running install_data
[1.682s] creating /home/aerosar/ws/install/reporting/share/ament_index/resource_index/packages
[1.683s] copying resource/reporting -> /home/aerosar/ws/install/reporting/share/ament_index/resource_index/packages
[1.683s] copying package.xml -> /home/aerosar/ws/install/reporting/share/reporting
[1.683s] running install_egg_info
[1.700s] Copying ../../../build/reporting/reporting.egg-info to /home/aerosar/ws/install/reporting/lib/python3.12/site-packages/reporting-0.0.0-py3.12.egg-info
[1.700s] running install_scripts
[1.729s] writing list of installed files to '/home/aerosar/ws/build/reporting/install.log'
[1.758s] Invoked command in '/home/aerosar/ws/src/5_output/reporting' returned '0': PYTHONPATH=/home/aerosar/ws/build/reporting/prefix_override:/usr/lib/python3/dist-packages/colcon_core/task/python/colcon_distutils_commands:/home/aerosar/ws/install/reporting/lib/python3.12/site-packages:${PYTHONPATH} /usr/bin/python3 -W ignore:setup.py install is deprecated -W ignore:easy_install command is deprecated setup.py egg_info --egg-base ../../../build/reporting build --build-base /home/aerosar/ws/build/reporting/build install --record /home/aerosar/ws/build/reporting/install.log --single-version-externally-managed install_data
