[0.029s] Invoking command in '/home/aerosar/ws/build/bringup': CMAKE_PREFIX_PATH=${CMAKE_PREFIX_PATH}:/opt/ros/jazzy /usr/bin/cmake /home/aerosar/ws/src/1_interfaces/bringup -DCMAKE_INSTALL_PREFIX=/home/aerosar/ws/install/bringup
[0.797s] -- Found ament_cmake: 2.5.6 (/opt/ros/jazzy/share/ament_cmake/cmake)
[0.797s] -- Override CMake install command with custom implementation using symlinks instead of copying resources
[0.798s] -- Found ament_lint_auto: 0.17.5 (/opt/ros/jazzy/share/ament_lint_auto/cmake)
[0.798s] -- Added test 'lint_cmake' to check CMake code style
[0.798s] -- Added test 'xmllint' to check XML markup files
[0.798s] -- Configuring done (0.3s)
[0.799s] -- Generating done (0.0s)
[0.799s] -- Build files have been written to: /home/aerosar/ws/build/bringup
[0.801s] Invoked command in '/home/aerosar/ws/build/bringup' returned '0': CMAKE_PREFIX_PATH=${CMAKE_PREFIX_PATH}:/opt/ros/jazzy /usr/bin/cmake /home/aerosar/ws/src/1_interfaces/bringup -DCMAKE_INSTALL_PREFIX=/home/aerosar/ws/install/bringup
[0.801s] Invoking command in '/home/aerosar/ws/build/bringup': CMAKE_PREFIX_PATH=${CMAKE_PREFIX_PATH}:/opt/ros/jazzy /usr/bin/cmake --build /home/aerosar/ws/build/bringup -- -j24 -l24
[0.972s] Invoked command in '/home/aerosar/ws/build/bringup' returned '0': CMAKE_PREFIX_PATH=${CMAKE_PREFIX_PATH}:/opt/ros/jazzy /usr/bin/cmake --build /home/aerosar/ws/build/bringup -- -j24 -l24
[0.973s] Invoking command in '/home/aerosar/ws/build/bringup': CMAKE_PREFIX_PATH=${CMAKE_PREFIX_PATH}:/opt/ros/jazzy /usr/bin/cmake --install /home/aerosar/ws/build/bringup
[0.981s] -- Install configuration: ""
[0.981s] -- Execute custom install script
[0.981s] -- Up-to-date symlink: /home/aerosar/ws/install/bringup/share/ament_index/resource_index/package_run_dependencies/bringup
[0.981s] -- Up-to-date symlink: /home/aerosar/ws/install/bringup/share/ament_index/resource_index/parent_prefix_path/bringup
[0.982s] -- Up-to-date symlink: /home/aerosar/ws/install/bringup/share/bringup/environment/ament_prefix_path.sh
[0.982s] -- Up-to-date symlink: /home/aerosar/ws/install/bringup/share/bringup/environment/ament_prefix_path.dsv
[0.982s] -- Up-to-date symlink: /home/aerosar/ws/install/bringup/share/bringup/environment/path.sh
[0.982s] -- Up-to-date symlink: /home/aerosar/ws/install/bringup/share/bringup/environment/path.dsv
[0.982s] -- Up-to-date symlink: /home/aerosar/ws/install/bringup/share/bringup/local_setup.bash
[0.982s] -- Up-to-date symlink: /home/aerosar/ws/install/bringup/share/bringup/local_setup.sh
[0.982s] -- Up-to-date symlink: /home/aerosar/ws/install/bringup/share/bringup/local_setup.zsh
[0.982s] -- Up-to-date symlink: /home/aerosar/ws/install/bringup/share/bringup/local_setup.dsv
[0.982s] -- Symlinking: /home/aerosar/ws/install/bringup/share/bringup/package.dsv
[0.993s] -- Up-to-date symlink: /home/aerosar/ws/install/bringup/share/ament_index/resource_index/packages/bringup
[0.993s] -- Up-to-date symlink: /home/aerosar/ws/install/bringup/share/bringup/cmake/bringupConfig.cmake
[0.993s] -- Up-to-date symlink: /home/aerosar/ws/install/bringup/share/bringup/cmake/bringupConfig-version.cmake
[0.993s] -- Up-to-date symlink: /home/aerosar/ws/install/bringup/share/bringup/package.xml
[1.022s] Invoked command in '/home/aerosar/ws/build/bringup' returned '0': CMAKE_PREFIX_PATH=${CMAKE_PREFIX_PATH}:/opt/ros/jazzy /usr/bin/cmake --install /home/aerosar/ws/build/bringup
