[0.072s] DEBUG:colcon:Command line arguments: ['/usr/bin/colcon', 'build', '--symlink-install']
[0.072s] DEBUG:colcon:Parsed command line arguments: Namespace(log_base=None, log_level=None, verb_name='build', build_base='build', install_base='install', merge_install=False, symlink_install=True, test_result_base=None, continue_on_error=False, executor='parallel', parallel_workers=24, event_handlers=None, ignore_user_meta=False, metas=['./colcon.meta'], base_paths=['.'], packages_ignore=None, packages_ignore_regex=None, paths=None, packages_up_to=None, packages_up_to_regex=None, packages_above=None, packages_above_and_dependencies=None, packages_above_depth=None, packages_select_by_dep=None, packages_skip_by_dep=None, packages_skip_up_to=None, packages_select_build_failed=False, packages_skip_build_finished=False, packages_select_test_failures=False, packages_skip_test_passed=False, packages_select=None, packages_skip=None, packages_select_regex=None, packages_skip_regex=None, packages_start=None, packages_end=None, cmake_args=None, cmake_target=None, cmake_target_skip_unavailable=False, cmake_clean_cache=False, cmake_clean_first=False, cmake_force_configure=False, ament_cmake_args=None, catkin_cmake_args=None, catkin_skip_building_tests=False, mixin_files=None, mixin=None, verb_parser=<colcon_mixin.mixin.mixin_argument.MixinArgumentDecorator object at 0x75ef2e34b650>, verb_extension=<colcon_core.verb.build.BuildVerb object at 0x75ef2e4d3c80>, main=<bound method BuildVerb.main of <colcon_core.verb.build.BuildVerb object at 0x75ef2e4d3c80>>, mixin_verb=('build',))
[0.095s] Level 1:colcon.colcon_core.package_discovery:discover_packages(colcon_meta) check parameters
[0.095s] Level 1:colcon.colcon_core.package_discovery:discover_packages(recursive) check parameters
[0.095s] Level 1:colcon.colcon_core.package_discovery:discover_packages(ignore) check parameters
[0.095s] Level 1:colcon.colcon_core.package_discovery:discover_packages(path) check parameters
[0.095s] Level 1:colcon.colcon_core.package_discovery:discover_packages(colcon_meta) discover
[0.095s] Level 1:colcon.colcon_core.package_discovery:discover_packages(recursive) discover
[0.095s] INFO:colcon.colcon_core.package_discovery:Crawling recursively for packages in '/home/aerosar/ws'
[0.096s] Level 1:colcon.colcon_core.package_identification:_identify(.) by extensions ['ignore', 'ignore_ament_install']
[0.096s] Level 1:colcon.colcon_core.package_identification:_identify(.) by extension 'ignore'
[0.096s] Level 1:colcon.colcon_core.package_identification:_identify(.) by extension 'ignore_ament_install'
[0.096s] Level 1:colcon.colcon_core.package_identification:_identify(.) by extensions ['colcon_pkg']
[0.096s] Level 1:colcon.colcon_core.package_identification:_identify(.) by extension 'colcon_pkg'
[0.096s] Level 1:colcon.colcon_core.package_identification:_identify(.) by extensions ['colcon_meta']
[0.096s] Level 1:colcon.colcon_core.package_identification:_identify(.) by extension 'colcon_meta'
[0.096s] Level 1:colcon.colcon_core.package_identification:_identify(.) by extensions ['ros']
[0.096s] Level 1:colcon.colcon_core.package_identification:_identify(.) by extension 'ros'
[0.117s] Level 1:colcon.colcon_core.package_identification:_identify(.) by extensions ['cmake', 'python']
[0.117s] Level 1:colcon.colcon_core.package_identification:_identify(.) by extension 'cmake'
[0.117s] Level 1:colcon.colcon_core.package_identification:_identify(.) by extension 'python'
[0.117s] Level 1:colcon.colcon_core.package_identification:_identify(.) by extensions ['python_setup_py']
[0.117s] Level 1:colcon.colcon_core.package_identification:_identify(.) by extension 'python_setup_py'
[0.118s] Level 1:colcon.colcon_core.package_identification:_identify(build) by extensions ['ignore', 'ignore_ament_install']
[0.118s] Level 1:colcon.colcon_core.package_identification:_identify(build) by extension 'ignore'
[0.118s] Level 1:colcon.colcon_core.package_identification:_identify(build) ignored
[0.118s] Level 1:colcon.colcon_core.package_identification:_identify(docker) by extensions ['ignore', 'ignore_ament_install']
[0.118s] Level 1:colcon.colcon_core.package_identification:_identify(docker) by extension 'ignore'
[0.118s] Level 1:colcon.colcon_core.package_identification:_identify(docker) by extension 'ignore_ament_install'
[0.118s] Level 1:colcon.colcon_core.package_identification:_identify(docker) by extensions ['colcon_pkg']
[0.118s] Level 1:colcon.colcon_core.package_identification:_identify(docker) by extension 'colcon_pkg'
[0.118s] Level 1:colcon.colcon_core.package_identification:_identify(docker) by extensions ['colcon_meta']
[0.118s] Level 1:colcon.colcon_core.package_identification:_identify(docker) by extension 'colcon_meta'
[0.118s] Level 1:colcon.colcon_core.package_identification:_identify(docker) by extensions ['ros']
[0.118s] Level 1:colcon.colcon_core.package_identification:_identify(docker) by extension 'ros'
[0.118s] Level 1:colcon.colcon_core.package_identification:_identify(docker) by extensions ['cmake', 'python']
[0.118s] Level 1:colcon.colcon_core.package_identification:_identify(docker) by extension 'cmake'
[0.118s] Level 1:colcon.colcon_core.package_identification:_identify(docker) by extension 'python'
[0.118s] Level 1:colcon.colcon_core.package_identification:_identify(docker) by extensions ['python_setup_py']
[0.118s] Level 1:colcon.colcon_core.package_identification:_identify(docker) by extension 'python_setup_py'
[0.118s] Level 1:colcon.colcon_core.package_identification:_identify(docs) by extensions ['ignore', 'ignore_ament_install']
[0.118s] Level 1:colcon.colcon_core.package_identification:_identify(docs) by extension 'ignore'
[0.118s] Level 1:colcon.colcon_core.package_identification:_identify(docs) by extension 'ignore_ament_install'
[0.118s] Level 1:colcon.colcon_core.package_identification:_identify(docs) by extensions ['colcon_pkg']
[0.118s] Level 1:colcon.colcon_core.package_identification:_identify(docs) by extension 'colcon_pkg'
[0.118s] Level 1:colcon.colcon_core.package_identification:_identify(docs) by extensions ['colcon_meta']
[0.118s] Level 1:colcon.colcon_core.package_identification:_identify(docs) by extension 'colcon_meta'
[0.118s] Level 1:colcon.colcon_core.package_identification:_identify(docs) by extensions ['ros']
[0.118s] Level 1:colcon.colcon_core.package_identification:_identify(docs) by extension 'ros'
[0.118s] Level 1:colcon.colcon_core.package_identification:_identify(docs) by extensions ['cmake', 'python']
[0.118s] Level 1:colcon.colcon_core.package_identification:_identify(docs) by extension 'cmake'
[0.119s] Level 1:colcon.colcon_core.package_identification:_identify(docs) by extension 'python'
[0.119s] Level 1:colcon.colcon_core.package_identification:_identify(docs) by extensions ['python_setup_py']
[0.119s] Level 1:colcon.colcon_core.package_identification:_identify(docs) by extension 'python_setup_py'
[0.119s] Level 1:colcon.colcon_core.package_identification:_identify(install) by extensions ['ignore', 'ignore_ament_install']
[0.119s] Level 1:colcon.colcon_core.package_identification:_identify(install) by extension 'ignore'
[0.119s] Level 1:colcon.colcon_core.package_identification:_identify(install) ignored
[0.119s] Level 1:colcon.colcon_core.package_identification:_identify(log) by extensions ['ignore', 'ignore_ament_install']
[0.119s] Level 1:colcon.colcon_core.package_identification:_identify(log) by extension 'ignore'
[0.119s] Level 1:colcon.colcon_core.package_identification:_identify(log) ignored
[0.119s] Level 1:colcon.colcon_core.package_identification:_identify(media) by extensions ['ignore', 'ignore_ament_install']
[0.119s] Level 1:colcon.colcon_core.package_identification:_identify(media) by extension 'ignore'
[0.119s] Level 1:colcon.colcon_core.package_identification:_identify(media) by extension 'ignore_ament_install'
[0.119s] Level 1:colcon.colcon_core.package_identification:_identify(media) by extensions ['colcon_pkg']
[0.119s] Level 1:colcon.colcon_core.package_identification:_identify(media) by extension 'colcon_pkg'
[0.119s] Level 1:colcon.colcon_core.package_identification:_identify(media) by extensions ['colcon_meta']
[0.119s] Level 1:colcon.colcon_core.package_identification:_identify(media) by extension 'colcon_meta'
[0.119s] Level 1:colcon.colcon_core.package_identification:_identify(media) by extensions ['ros']
[0.119s] Level 1:colcon.colcon_core.package_identification:_identify(media) by extension 'ros'
[0.119s] Level 1:colcon.colcon_core.package_identification:_identify(media) by extensions ['cmake', 'python']
[0.119s] Level 1:colcon.colcon_core.package_identification:_identify(media) by extension 'cmake'
[0.119s] Level 1:colcon.colcon_core.package_identification:_identify(media) by extension 'python'
[0.119s] Level 1:colcon.colcon_core.package_identification:_identify(media) by extensions ['python_setup_py']
[0.119s] Level 1:colcon.colcon_core.package_identification:_identify(media) by extension 'python_setup_py'
[0.119s] Level 1:colcon.colcon_core.package_identification:_identify(reports) by extensions ['ignore', 'ignore_ament_install']
[0.119s] Level 1:colcon.colcon_core.package_identification:_identify(reports) by extension 'ignore'
[0.119s] Level 1:colcon.colcon_core.package_identification:_identify(reports) by extension 'ignore_ament_install'
[0.119s] Level 1:colcon.colcon_core.package_identification:_identify(reports) by extensions ['colcon_pkg']
[0.119s] Level 1:colcon.colcon_core.package_identification:_identify(reports) by extension 'colcon_pkg'
[0.119s] Level 1:colcon.colcon_core.package_identification:_identify(reports) by extensions ['colcon_meta']
[0.119s] Level 1:colcon.colcon_core.package_identification:_identify(reports) by extension 'colcon_meta'
[0.119s] Level 1:colcon.colcon_core.package_identification:_identify(reports) by extensions ['ros']
[0.119s] Level 1:colcon.colcon_core.package_identification:_identify(reports) by extension 'ros'
[0.120s] Level 1:colcon.colcon_core.package_identification:_identify(reports) by extensions ['cmake', 'python']
[0.120s] Level 1:colcon.colcon_core.package_identification:_identify(reports) by extension 'cmake'
[0.120s] Level 1:colcon.colcon_core.package_identification:_identify(reports) by extension 'python'
[0.120s] Level 1:colcon.colcon_core.package_identification:_identify(reports) by extensions ['python_setup_py']
[0.120s] Level 1:colcon.colcon_core.package_identification:_identify(reports) by extension 'python_setup_py'
[0.120s] Level 1:colcon.colcon_core.package_identification:_identify(scripts) by extensions ['ignore', 'ignore_ament_install']
[0.120s] Level 1:colcon.colcon_core.package_identification:_identify(scripts) by extension 'ignore'
[0.120s] Level 1:colcon.colcon_core.package_identification:_identify(scripts) by extension 'ignore_ament_install'
[0.120s] Level 1:colcon.colcon_core.package_identification:_identify(scripts) by extensions ['colcon_pkg']
[0.120s] Level 1:colcon.colcon_core.package_identification:_identify(scripts) by extension 'colcon_pkg'
[0.120s] Level 1:colcon.colcon_core.package_identification:_identify(scripts) by extensions ['colcon_meta']
[0.120s] Level 1:colcon.colcon_core.package_identification:_identify(scripts) by extension 'colcon_meta'
[0.120s] Level 1:colcon.colcon_core.package_identification:_identify(scripts) by extensions ['ros']
[0.120s] Level 1:colcon.colcon_core.package_identification:_identify(scripts) by extension 'ros'
[0.120s] Level 1:colcon.colcon_core.package_identification:_identify(scripts) by extensions ['cmake', 'python']
[0.120s] Level 1:colcon.colcon_core.package_identification:_identify(scripts) by extension 'cmake'
[0.120s] Level 1:colcon.colcon_core.package_identification:_identify(scripts) by extension 'python'
[0.120s] Level 1:colcon.colcon_core.package_identification:_identify(scripts) by extensions ['python_setup_py']
[0.120s] Level 1:colcon.colcon_core.package_identification:_identify(scripts) by extension 'python_setup_py'
[0.120s] Level 1:colcon.colcon_core.package_identification:_identify(sim) by extensions ['ignore', 'ignore_ament_install']
[0.120s] Level 1:colcon.colcon_core.package_identification:_identify(sim) by extension 'ignore'
[0.120s] Level 1:colcon.colcon_core.package_identification:_identify(sim) by extension 'ignore_ament_install'
[0.120s] Level 1:colcon.colcon_core.package_identification:_identify(sim) by extensions ['colcon_pkg']
[0.120s] Level 1:colcon.colcon_core.package_identification:_identify(sim) by extension 'colcon_pkg'
[0.120s] Level 1:colcon.colcon_core.package_identification:_identify(sim) by extensions ['colcon_meta']
[0.120s] Level 1:colcon.colcon_core.package_identification:_identify(sim) by extension 'colcon_meta'
[0.120s] Level 1:colcon.colcon_core.package_identification:_identify(sim) by extensions ['ros']
[0.120s] Level 1:colcon.colcon_core.package_identification:_identify(sim) by extension 'ros'
[0.120s] Level 1:colcon.colcon_core.package_identification:_identify(sim) by extensions ['cmake', 'python']
[0.120s] Level 1:colcon.colcon_core.package_identification:_identify(sim) by extension 'cmake'
[0.120s] Level 1:colcon.colcon_core.package_identification:_identify(sim) by extension 'python'
[0.120s] Level 1:colcon.colcon_core.package_identification:_identify(sim) by extensions ['python_setup_py']
[0.120s] Level 1:colcon.colcon_core.package_identification:_identify(sim) by extension 'python_setup_py'
[0.120s] Level 1:colcon.colcon_core.package_identification:_identify(sim/models) by extensions ['ignore', 'ignore_ament_install']
[0.120s] Level 1:colcon.colcon_core.package_identification:_identify(sim/models) by extension 'ignore'
[0.120s] Level 1:colcon.colcon_core.package_identification:_identify(sim/models) by extension 'ignore_ament_install'
[0.121s] Level 1:colcon.colcon_core.package_identification:_identify(sim/models) by extensions ['colcon_pkg']
[0.121s] Level 1:colcon.colcon_core.package_identification:_identify(sim/models) by extension 'colcon_pkg'
[0.121s] Level 1:colcon.colcon_core.package_identification:_identify(sim/models) by extensions ['colcon_meta']
[0.121s] Level 1:colcon.colcon_core.package_identification:_identify(sim/models) by extension 'colcon_meta'
[0.121s] Level 1:colcon.colcon_core.package_identification:_identify(sim/models) by extensions ['ros']
[0.121s] Level 1:colcon.colcon_core.package_identification:_identify(sim/models) by extension 'ros'
[0.121s] Level 1:colcon.colcon_core.package_identification:_identify(sim/models) by extensions ['cmake', 'python']
[0.121s] Level 1:colcon.colcon_core.package_identification:_identify(sim/models) by extension 'cmake'
[0.121s] Level 1:colcon.colcon_core.package_identification:_identify(sim/models) by extension 'python'
[0.121s] Level 1:colcon.colcon_core.package_identification:_identify(sim/models) by extensions ['python_setup_py']
[0.121s] Level 1:colcon.colcon_core.package_identification:_identify(sim/models) by extension 'python_setup_py'
[0.121s] Level 1:colcon.colcon_core.package_identification:_identify(sim/scenarios) by extensions ['ignore', 'ignore_ament_install']
[0.121s] Level 1:colcon.colcon_core.package_identification:_identify(sim/scenarios) by extension 'ignore'
[0.121s] Level 1:colcon.colcon_core.package_identification:_identify(sim/scenarios) by extension 'ignore_ament_install'
[0.121s] Level 1:colcon.colcon_core.package_identification:_identify(sim/scenarios) by extensions ['colcon_pkg']
[0.121s] Level 1:colcon.colcon_core.package_identification:_identify(sim/scenarios) by extension 'colcon_pkg'
[0.121s] Level 1:colcon.colcon_core.package_identification:_identify(sim/scenarios) by extensions ['colcon_meta']
[0.121s] Level 1:colcon.colcon_core.package_identification:_identify(sim/scenarios) by extension 'colcon_meta'
[0.121s] Level 1:colcon.colcon_core.package_identification:_identify(sim/scenarios) by extensions ['ros']
[0.121s] Level 1:colcon.colcon_core.package_identification:_identify(sim/scenarios) by extension 'ros'
[0.121s] Level 1:colcon.colcon_core.package_identification:_identify(sim/scenarios) by extensions ['cmake', 'python']
[0.121s] Level 1:colcon.colcon_core.package_identification:_identify(sim/scenarios) by extension 'cmake'
[0.121s] Level 1:colcon.colcon_core.package_identification:_identify(sim/scenarios) by extension 'python'
[0.121s] Level 1:colcon.colcon_core.package_identification:_identify(sim/scenarios) by extensions ['python_setup_py']
[0.121s] Level 1:colcon.colcon_core.package_identification:_identify(sim/scenarios) by extension 'python_setup_py'
[0.121s] Level 1:colcon.colcon_core.package_identification:_identify(sim/worlds) by extensions ['ignore', 'ignore_ament_install']
[0.121s] Level 1:colcon.colcon_core.package_identification:_identify(sim/worlds) by extension 'ignore'
[0.121s] Level 1:colcon.colcon_core.package_identification:_identify(sim/worlds) by extension 'ignore_ament_install'
[0.121s] Level 1:colcon.colcon_core.package_identification:_identify(sim/worlds) by extensions ['colcon_pkg']
[0.121s] Level 1:colcon.colcon_core.package_identification:_identify(sim/worlds) by extension 'colcon_pkg'
[0.121s] Level 1:colcon.colcon_core.package_identification:_identify(sim/worlds) by extensions ['colcon_meta']
[0.121s] Level 1:colcon.colcon_core.package_identification:_identify(sim/worlds) by extension 'colcon_meta'
[0.121s] Level 1:colcon.colcon_core.package_identification:_identify(sim/worlds) by extensions ['ros']
[0.121s] Level 1:colcon.colcon_core.package_identification:_identify(sim/worlds) by extension 'ros'
[0.121s] Level 1:colcon.colcon_core.package_identification:_identify(sim/worlds) by extensions ['cmake', 'python']
[0.121s] Level 1:colcon.colcon_core.package_identification:_identify(sim/worlds) by extension 'cmake'
[0.121s] Level 1:colcon.colcon_core.package_identification:_identify(sim/worlds) by extension 'python'
[0.121s] Level 1:colcon.colcon_core.package_identification:_identify(sim/worlds) by extensions ['python_setup_py']
[0.121s] Level 1:colcon.colcon_core.package_identification:_identify(sim/worlds) by extension 'python_setup_py'
[0.122s] Level 1:colcon.colcon_core.package_identification:_identify(src) by extensions ['ignore', 'ignore_ament_install']
[0.122s] Level 1:colcon.colcon_core.package_identification:_identify(src) by extension 'ignore'
[0.122s] Level 1:colcon.colcon_core.package_identification:_identify(src) by extension 'ignore_ament_install'
[0.122s] Level 1:colcon.colcon_core.package_identification:_identify(src) by extensions ['colcon_pkg']
[0.122s] Level 1:colcon.colcon_core.package_identification:_identify(src) by extension 'colcon_pkg'
[0.122s] Level 1:colcon.colcon_core.package_identification:_identify(src) by extensions ['colcon_meta']
[0.122s] Level 1:colcon.colcon_core.package_identification:_identify(src) by extension 'colcon_meta'
[0.122s] Level 1:colcon.colcon_core.package_identification:_identify(src) by extensions ['ros']
[0.122s] Level 1:colcon.colcon_core.package_identification:_identify(src) by extension 'ros'
[0.122s] Level 1:colcon.colcon_core.package_identification:_identify(src) by extensions ['cmake', 'python']
[0.122s] Level 1:colcon.colcon_core.package_identification:_identify(src) by extension 'cmake'
[0.122s] Level 1:colcon.colcon_core.package_identification:_identify(src) by extension 'python'
[0.122s] Level 1:colcon.colcon_core.package_identification:_identify(src) by extensions ['python_setup_py']
[0.122s] Level 1:colcon.colcon_core.package_identification:_identify(src) by extension 'python_setup_py'
[0.122s] Level 1:colcon.colcon_core.package_identification:_identify(src/1_interfaces) by extensions ['ignore', 'ignore_ament_install']
[0.122s] Level 1:colcon.colcon_core.package_identification:_identify(src/1_interfaces) by extension 'ignore'
[0.122s] Level 1:colcon.colcon_core.package_identification:_identify(src/1_interfaces) by extension 'ignore_ament_install'
[0.122s] Level 1:colcon.colcon_core.package_identification:_identify(src/1_interfaces) by extensions ['colcon_pkg']
[0.122s] Level 1:colcon.colcon_core.package_identification:_identify(src/1_interfaces) by extension 'colcon_pkg'
[0.122s] Level 1:colcon.colcon_core.package_identification:_identify(src/1_interfaces) by extensions ['colcon_meta']
[0.122s] Level 1:colcon.colcon_core.package_identification:_identify(src/1_interfaces) by extension 'colcon_meta'
[0.122s] Level 1:colcon.colcon_core.package_identification:_identify(src/1_interfaces) by extensions ['ros']
[0.122s] Level 1:colcon.colcon_core.package_identification:_identify(src/1_interfaces) by extension 'ros'
[0.122s] Level 1:colcon.colcon_core.package_identification:_identify(src/1_interfaces) by extensions ['cmake', 'python']
[0.122s] Level 1:colcon.colcon_core.package_identification:_identify(src/1_interfaces) by extension 'cmake'
[0.122s] Level 1:colcon.colcon_core.package_identification:_identify(src/1_interfaces) by extension 'python'
[0.122s] Level 1:colcon.colcon_core.package_identification:_identify(src/1_interfaces) by extensions ['python_setup_py']
[0.122s] Level 1:colcon.colcon_core.package_identification:_identify(src/1_interfaces) by extension 'python_setup_py'
[0.122s] Level 1:colcon.colcon_core.package_identification:_identify(src/1_interfaces/bringup) by extensions ['ignore', 'ignore_ament_install']
[0.122s] Level 1:colcon.colcon_core.package_identification:_identify(src/1_interfaces/bringup) by extension 'ignore'
[0.122s] Level 1:colcon.colcon_core.package_identification:_identify(src/1_interfaces/bringup) by extension 'ignore_ament_install'
[0.122s] Level 1:colcon.colcon_core.package_identification:_identify(src/1_interfaces/bringup) by extensions ['colcon_pkg']
[0.122s] Level 1:colcon.colcon_core.package_identification:_identify(src/1_interfaces/bringup) by extension 'colcon_pkg'
[0.122s] Level 1:colcon.colcon_core.package_identification:_identify(src/1_interfaces/bringup) by extensions ['colcon_meta']
[0.122s] Level 1:colcon.colcon_core.package_identification:_identify(src/1_interfaces/bringup) by extension 'colcon_meta'
[0.122s] Level 1:colcon.colcon_core.package_identification:_identify(src/1_interfaces/bringup) by extensions ['ros']
[0.122s] Level 1:colcon.colcon_core.package_identification:_identify(src/1_interfaces/bringup) by extension 'ros'
[0.124s] DEBUG:colcon.colcon_core.package_identification:Package 'src/1_interfaces/bringup' with type 'ros.ament_cmake' and name 'bringup'
[0.124s] Level 1:colcon.colcon_core.package_identification:_identify(src/1_interfaces/msgs) by extensions ['ignore', 'ignore_ament_install']
[0.124s] Level 1:colcon.colcon_core.package_identification:_identify(src/1_interfaces/msgs) by extension 'ignore'
[0.124s] Level 1:colcon.colcon_core.package_identification:_identify(src/1_interfaces/msgs) by extension 'ignore_ament_install'
[0.124s] Level 1:colcon.colcon_core.package_identification:_identify(src/1_interfaces/msgs) by extensions ['colcon_pkg']
[0.124s] Level 1:colcon.colcon_core.package_identification:_identify(src/1_interfaces/msgs) by extension 'colcon_pkg'
[0.124s] Level 1:colcon.colcon_core.package_identification:_identify(src/1_interfaces/msgs) by extensions ['colcon_meta']
[0.124s] Level 1:colcon.colcon_core.package_identification:_identify(src/1_interfaces/msgs) by extension 'colcon_meta'
[0.124s] Level 1:colcon.colcon_core.package_identification:_identify(src/1_interfaces/msgs) by extensions ['ros']
[0.124s] Level 1:colcon.colcon_core.package_identification:_identify(src/1_interfaces/msgs) by extension 'ros'
[0.125s] DEBUG:colcon.colcon_core.package_identification:Package 'src/1_interfaces/msgs' with type 'ros.ament_cmake' and name 'msgs'
[0.125s] Level 1:colcon.colcon_core.package_identification:_identify(src/2_control) by extensions ['ignore', 'ignore_ament_install']
[0.125s] Level 1:colcon.colcon_core.package_identification:_identify(src/2_control) by extension 'ignore'
[0.125s] Level 1:colcon.colcon_core.package_identification:_identify(src/2_control) by extension 'ignore_ament_install'
[0.125s] Level 1:colcon.colcon_core.package_identification:_identify(src/2_control) by extensions ['colcon_pkg']
[0.125s] Level 1:colcon.colcon_core.package_identification:_identify(src/2_control) by extension 'colcon_pkg'
[0.125s] Level 1:colcon.colcon_core.package_identification:_identify(src/2_control) by extensions ['colcon_meta']
[0.125s] Level 1:colcon.colcon_core.package_identification:_identify(src/2_control) by extension 'colcon_meta'
[0.125s] Level 1:colcon.colcon_core.package_identification:_identify(src/2_control) by extensions ['ros']
[0.125s] Level 1:colcon.colcon_core.package_identification:_identify(src/2_control) by extension 'ros'
[0.125s] Level 1:colcon.colcon_core.package_identification:_identify(src/2_control) by extensions ['cmake', 'python']
[0.125s] Level 1:colcon.colcon_core.package_identification:_identify(src/2_control) by extension 'cmake'
[0.125s] Level 1:colcon.colcon_core.package_identification:_identify(src/2_control) by extension 'python'
[0.125s] Level 1:colcon.colcon_core.package_identification:_identify(src/2_control) by extensions ['python_setup_py']
[0.125s] Level 1:colcon.colcon_core.package_identification:_identify(src/2_control) by extension 'python_setup_py'
[0.125s] Level 1:colcon.colcon_core.package_identification:_identify(src/2_control/mission_manager) by extensions ['ignore', 'ignore_ament_install']
[0.125s] Level 1:colcon.colcon_core.package_identification:_identify(src/2_control/mission_manager) by extension 'ignore'
[0.125s] Level 1:colcon.colcon_core.package_identification:_identify(src/2_control/mission_manager) by extension 'ignore_ament_install'
[0.125s] Level 1:colcon.colcon_core.package_identification:_identify(src/2_control/mission_manager) by extensions ['colcon_pkg']
[0.125s] Level 1:colcon.colcon_core.package_identification:_identify(src/2_control/mission_manager) by extension 'colcon_pkg'
[0.125s] Level 1:colcon.colcon_core.package_identification:_identify(src/2_control/mission_manager) by extensions ['colcon_meta']
[0.125s] Level 1:colcon.colcon_core.package_identification:_identify(src/2_control/mission_manager) by extension 'colcon_meta'
[0.125s] Level 1:colcon.colcon_core.package_identification:_identify(src/2_control/mission_manager) by extensions ['ros']
[0.125s] Level 1:colcon.colcon_core.package_identification:_identify(src/2_control/mission_manager) by extension 'ros'
[0.126s] DEBUG:colcon.colcon_core.package_identification:Package 'src/2_control/mission_manager' with type 'ros.ament_cmake' and name 'mission_manager'
[0.126s] Level 1:colcon.colcon_core.package_identification:_identify(src/2_control/px4_interface) by extensions ['ignore', 'ignore_ament_install']
[0.126s] Level 1:colcon.colcon_core.package_identification:_identify(src/2_control/px4_interface) by extension 'ignore'
[0.126s] Level 1:colcon.colcon_core.package_identification:_identify(src/2_control/px4_interface) by extension 'ignore_ament_install'
[0.126s] Level 1:colcon.colcon_core.package_identification:_identify(src/2_control/px4_interface) by extensions ['colcon_pkg']
[0.126s] Level 1:colcon.colcon_core.package_identification:_identify(src/2_control/px4_interface) by extension 'colcon_pkg'
[0.126s] Level 1:colcon.colcon_core.package_identification:_identify(src/2_control/px4_interface) by extensions ['colcon_meta']
[0.126s] Level 1:colcon.colcon_core.package_identification:_identify(src/2_control/px4_interface) by extension 'colcon_meta'
[0.126s] Level 1:colcon.colcon_core.package_identification:_identify(src/2_control/px4_interface) by extensions ['ros']
[0.126s] Level 1:colcon.colcon_core.package_identification:_identify(src/2_control/px4_interface) by extension 'ros'
[0.126s] DEBUG:colcon.colcon_core.package_identification:Package 'src/2_control/px4_interface' with type 'ros.ament_cmake' and name 'px4_interface'
[0.126s] Level 1:colcon.colcon_core.package_identification:_identify(src/3_autonomy) by extensions ['ignore', 'ignore_ament_install']
[0.126s] Level 1:colcon.colcon_core.package_identification:_identify(src/3_autonomy) by extension 'ignore'
[0.126s] Level 1:colcon.colcon_core.package_identification:_identify(src/3_autonomy) by extension 'ignore_ament_install'
[0.126s] Level 1:colcon.colcon_core.package_identification:_identify(src/3_autonomy) by extensions ['colcon_pkg']
[0.126s] Level 1:colcon.colcon_core.package_identification:_identify(src/3_autonomy) by extension 'colcon_pkg'
[0.127s] Level 1:colcon.colcon_core.package_identification:_identify(src/3_autonomy) by extensions ['colcon_meta']
[0.127s] Level 1:colcon.colcon_core.package_identification:_identify(src/3_autonomy) by extension 'colcon_meta'
[0.127s] Level 1:colcon.colcon_core.package_identification:_identify(src/3_autonomy) by extensions ['ros']
[0.127s] Level 1:colcon.colcon_core.package_identification:_identify(src/3_autonomy) by extension 'ros'
[0.127s] Level 1:colcon.colcon_core.package_identification:_identify(src/3_autonomy) by extensions ['cmake', 'python']
[0.127s] Level 1:colcon.colcon_core.package_identification:_identify(src/3_autonomy) by extension 'cmake'
[0.127s] Level 1:colcon.colcon_core.package_identification:_identify(src/3_autonomy) by extension 'python'
[0.127s] Level 1:colcon.colcon_core.package_identification:_identify(src/3_autonomy) by extensions ['python_setup_py']
[0.127s] Level 1:colcon.colcon_core.package_identification:_identify(src/3_autonomy) by extension 'python_setup_py'
[0.127s] Level 1:colcon.colcon_core.package_identification:_identify(src/3_autonomy/mapping) by extensions ['ignore', 'ignore_ament_install']
[0.127s] Level 1:colcon.colcon_core.package_identification:_identify(src/3_autonomy/mapping) by extension 'ignore'
[0.127s] Level 1:colcon.colcon_core.package_identification:_identify(src/3_autonomy/mapping) by extension 'ignore_ament_install'
[0.127s] Level 1:colcon.colcon_core.package_identification:_identify(src/3_autonomy/mapping) by extensions ['colcon_pkg']
[0.127s] Level 1:colcon.colcon_core.package_identification:_identify(src/3_autonomy/mapping) by extension 'colcon_pkg'
[0.127s] Level 1:colcon.colcon_core.package_identification:_identify(src/3_autonomy/mapping) by extensions ['colcon_meta']
[0.127s] Level 1:colcon.colcon_core.package_identification:_identify(src/3_autonomy/mapping) by extension 'colcon_meta'
[0.127s] Level 1:colcon.colcon_core.package_identification:_identify(src/3_autonomy/mapping) by extensions ['ros']
[0.127s] Level 1:colcon.colcon_core.package_identification:_identify(src/3_autonomy/mapping) by extension 'ros'
[0.127s] DEBUG:colcon.colcon_core.package_identification:Package 'src/3_autonomy/mapping' with type 'ros.ament_python' and name 'mapping'
[0.127s] Level 1:colcon.colcon_core.package_identification:_identify(src/3_autonomy/planner) by extensions ['ignore', 'ignore_ament_install']
[0.127s] Level 1:colcon.colcon_core.package_identification:_identify(src/3_autonomy/planner) by extension 'ignore'
[0.127s] Level 1:colcon.colcon_core.package_identification:_identify(src/3_autonomy/planner) by extension 'ignore_ament_install'
[0.127s] Level 1:colcon.colcon_core.package_identification:_identify(src/3_autonomy/planner) by extensions ['colcon_pkg']
[0.127s] Level 1:colcon.colcon_core.package_identification:_identify(src/3_autonomy/planner) by extension 'colcon_pkg'
[0.127s] Level 1:colcon.colcon_core.package_identification:_identify(src/3_autonomy/planner) by extensions ['colcon_meta']
[0.127s] Level 1:colcon.colcon_core.package_identification:_identify(src/3_autonomy/planner) by extension 'colcon_meta'
[0.127s] Level 1:colcon.colcon_core.package_identification:_identify(src/3_autonomy/planner) by extensions ['ros']
[0.127s] Level 1:colcon.colcon_core.package_identification:_identify(src/3_autonomy/planner) by extension 'ros'
[0.128s] DEBUG:colcon.colcon_core.package_identification:Package 'src/3_autonomy/planner' with type 'ros.ament_python' and name 'planner'
[0.128s] Level 1:colcon.colcon_core.package_identification:_identify(src/4_perception) by extensions ['ignore', 'ignore_ament_install']
[0.128s] Level 1:colcon.colcon_core.package_identification:_identify(src/4_perception) by extension 'ignore'
[0.128s] Level 1:colcon.colcon_core.package_identification:_identify(src/4_perception) by extension 'ignore_ament_install'
[0.128s] Level 1:colcon.colcon_core.package_identification:_identify(src/4_perception) by extensions ['colcon_pkg']
[0.128s] Level 1:colcon.colcon_core.package_identification:_identify(src/4_perception) by extension 'colcon_pkg'
[0.128s] Level 1:colcon.colcon_core.package_identification:_identify(src/4_perception) by extensions ['colcon_meta']
[0.128s] Level 1:colcon.colcon_core.package_identification:_identify(src/4_perception) by extension 'colcon_meta'
[0.128s] Level 1:colcon.colcon_core.package_identification:_identify(src/4_perception) by extensions ['ros']
[0.128s] Level 1:colcon.colcon_core.package_identification:_identify(src/4_perception) by extension 'ros'
[0.128s] Level 1:colcon.colcon_core.package_identification:_identify(src/4_perception) by extensions ['cmake', 'python']
[0.128s] Level 1:colcon.colcon_core.package_identification:_identify(src/4_perception) by extension 'cmake'
[0.128s] Level 1:colcon.colcon_core.package_identification:_identify(src/4_perception) by extension 'python'
[0.128s] Level 1:colcon.colcon_core.package_identification:_identify(src/4_perception) by extensions ['python_setup_py']
[0.128s] Level 1:colcon.colcon_core.package_identification:_identify(src/4_perception) by extension 'python_setup_py'
[0.128s] Level 1:colcon.colcon_core.package_identification:_identify(src/4_perception/geolocation) by extensions ['ignore', 'ignore_ament_install']
[0.128s] Level 1:colcon.colcon_core.package_identification:_identify(src/4_perception/geolocation) by extension 'ignore'
[0.128s] Level 1:colcon.colcon_core.package_identification:_identify(src/4_perception/geolocation) by extension 'ignore_ament_install'
[0.128s] Level 1:colcon.colcon_core.package_identification:_identify(src/4_perception/geolocation) by extensions ['colcon_pkg']
[0.128s] Level 1:colcon.colcon_core.package_identification:_identify(src/4_perception/geolocation) by extension 'colcon_pkg'
[0.128s] Level 1:colcon.colcon_core.package_identification:_identify(src/4_perception/geolocation) by extensions ['colcon_meta']
[0.128s] Level 1:colcon.colcon_core.package_identification:_identify(src/4_perception/geolocation) by extension 'colcon_meta'
[0.128s] Level 1:colcon.colcon_core.package_identification:_identify(src/4_perception/geolocation) by extensions ['ros']
[0.128s] Level 1:colcon.colcon_core.package_identification:_identify(src/4_perception/geolocation) by extension 'ros'
[0.129s] DEBUG:colcon.colcon_core.package_identification:Package 'src/4_perception/geolocation' with type 'ros.ament_python' and name 'geolocation'
[0.129s] Level 1:colcon.colcon_core.package_identification:_identify(src/4_perception/perception) by extensions ['ignore', 'ignore_ament_install']
[0.129s] Level 1:colcon.colcon_core.package_identification:_identify(src/4_perception/perception) by extension 'ignore'
[0.129s] Level 1:colcon.colcon_core.package_identification:_identify(src/4_perception/perception) by extension 'ignore_ament_install'
[0.129s] Level 1:colcon.colcon_core.package_identification:_identify(src/4_perception/perception) by extensions ['colcon_pkg']
[0.129s] Level 1:colcon.colcon_core.package_identification:_identify(src/4_perception/perception) by extension 'colcon_pkg'
[0.129s] Level 1:colcon.colcon_core.package_identification:_identify(src/4_perception/perception) by extensions ['colcon_meta']
[0.129s] Level 1:colcon.colcon_core.package_identification:_identify(src/4_perception/perception) by extension 'colcon_meta'
[0.129s] Level 1:colcon.colcon_core.package_identification:_identify(src/4_perception/perception) by extensions ['ros']
[0.129s] Level 1:colcon.colcon_core.package_identification:_identify(src/4_perception/perception) by extension 'ros'
[0.129s] DEBUG:colcon.colcon_core.package_identification:Package 'src/4_perception/perception' with type 'ros.ament_python' and name 'perception'
[0.129s] Level 1:colcon.colcon_core.package_identification:_identify(src/5_output) by extensions ['ignore', 'ignore_ament_install']
[0.129s] Level 1:colcon.colcon_core.package_identification:_identify(src/5_output) by extension 'ignore'
[0.129s] Level 1:colcon.colcon_core.package_identification:_identify(src/5_output) by extension 'ignore_ament_install'
[0.129s] Level 1:colcon.colcon_core.package_identification:_identify(src/5_output) by extensions ['colcon_pkg']
[0.129s] Level 1:colcon.colcon_core.package_identification:_identify(src/5_output) by extension 'colcon_pkg'
[0.129s] Level 1:colcon.colcon_core.package_identification:_identify(src/5_output) by extensions ['colcon_meta']
[0.129s] Level 1:colcon.colcon_core.package_identification:_identify(src/5_output) by extension 'colcon_meta'
[0.129s] Level 1:colcon.colcon_core.package_identification:_identify(src/5_output) by extensions ['ros']
[0.129s] Level 1:colcon.colcon_core.package_identification:_identify(src/5_output) by extension 'ros'
[0.130s] Level 1:colcon.colcon_core.package_identification:_identify(src/5_output) by extensions ['cmake', 'python']
[0.130s] Level 1:colcon.colcon_core.package_identification:_identify(src/5_output) by extension 'cmake'
[0.130s] Level 1:colcon.colcon_core.package_identification:_identify(src/5_output) by extension 'python'
[0.130s] Level 1:colcon.colcon_core.package_identification:_identify(src/5_output) by extensions ['python_setup_py']
[0.130s] Level 1:colcon.colcon_core.package_identification:_identify(src/5_output) by extension 'python_setup_py'
[0.130s] Level 1:colcon.colcon_core.package_identification:_identify(src/5_output/eval) by extensions ['ignore', 'ignore_ament_install']
[0.130s] Level 1:colcon.colcon_core.package_identification:_identify(src/5_output/eval) by extension 'ignore'
[0.130s] Level 1:colcon.colcon_core.package_identification:_identify(src/5_output/eval) by extension 'ignore_ament_install'
[0.130s] Level 1:colcon.colcon_core.package_identification:_identify(src/5_output/eval) by extensions ['colcon_pkg']
[0.130s] Level 1:colcon.colcon_core.package_identification:_identify(src/5_output/eval) by extension 'colcon_pkg'
[0.130s] Level 1:colcon.colcon_core.package_identification:_identify(src/5_output/eval) by extensions ['colcon_meta']
[0.130s] Level 1:colcon.colcon_core.package_identification:_identify(src/5_output/eval) by extension 'colcon_meta'
[0.130s] Level 1:colcon.colcon_core.package_identification:_identify(src/5_output/eval) by extensions ['ros']
[0.130s] Level 1:colcon.colcon_core.package_identification:_identify(src/5_output/eval) by extension 'ros'
[0.130s] DEBUG:colcon.colcon_core.package_identification:Package 'src/5_output/eval' with type 'ros.ament_python' and name 'eval'
[0.130s] Level 1:colcon.colcon_core.package_identification:_identify(src/5_output/reporting) by extensions ['ignore', 'ignore_ament_install']
[0.130s] Level 1:colcon.colcon_core.package_identification:_identify(src/5_output/reporting) by extension 'ignore'
[0.130s] Level 1:colcon.colcon_core.package_identification:_identify(src/5_output/reporting) by extension 'ignore_ament_install'
[0.130s] Level 1:colcon.colcon_core.package_identification:_identify(src/5_output/reporting) by extensions ['colcon_pkg']
[0.130s] Level 1:colcon.colcon_core.package_identification:_identify(src/5_output/reporting) by extension 'colcon_pkg'
[0.131s] Level 1:colcon.colcon_core.package_identification:_identify(src/5_output/reporting) by extensions ['colcon_meta']
[0.131s] Level 1:colcon.colcon_core.package_identification:_identify(src/5_output/reporting) by extension 'colcon_meta'
[0.131s] Level 1:colcon.colcon_core.package_identification:_identify(src/5_output/reporting) by extensions ['ros']
[0.131s] Level 1:colcon.colcon_core.package_identification:_identify(src/5_output/reporting) by extension 'ros'
[0.131s] DEBUG:colcon.colcon_core.package_identification:Package 'src/5_output/reporting' with type 'ros.ament_python' and name 'reporting'
[0.131s] Level 1:colcon.colcon_core.package_identification:_identify(tests) by extensions ['ignore', 'ignore_ament_install']
[0.131s] Level 1:colcon.colcon_core.package_identification:_identify(tests) by extension 'ignore'
[0.131s] Level 1:colcon.colcon_core.package_identification:_identify(tests) by extension 'ignore_ament_install'
[0.131s] Level 1:colcon.colcon_core.package_identification:_identify(tests) by extensions ['colcon_pkg']
[0.131s] Level 1:colcon.colcon_core.package_identification:_identify(tests) by extension 'colcon_pkg'
[0.131s] Level 1:colcon.colcon_core.package_identification:_identify(tests) by extensions ['colcon_meta']
[0.131s] Level 1:colcon.colcon_core.package_identification:_identify(tests) by extension 'colcon_meta'
[0.131s] Level 1:colcon.colcon_core.package_identification:_identify(tests) by extensions ['ros']
[0.131s] Level 1:colcon.colcon_core.package_identification:_identify(tests) by extension 'ros'
[0.131s] Level 1:colcon.colcon_core.package_identification:_identify(tests) by extensions ['cmake', 'python']
[0.131s] Level 1:colcon.colcon_core.package_identification:_identify(tests) by extension 'cmake'
[0.131s] Level 1:colcon.colcon_core.package_identification:_identify(tests) by extension 'python'
[0.131s] Level 1:colcon.colcon_core.package_identification:_identify(tests) by extensions ['python_setup_py']
[0.131s] Level 1:colcon.colcon_core.package_identification:_identify(tests) by extension 'python_setup_py'
[0.131s] Level 1:colcon.colcon_core.package_identification:_identify(tests/integration) by extensions ['ignore', 'ignore_ament_install']
[0.131s] Level 1:colcon.colcon_core.package_identification:_identify(tests/integration) by extension 'ignore'
[0.131s] Level 1:colcon.colcon_core.package_identification:_identify(tests/integration) by extension 'ignore_ament_install'
[0.131s] Level 1:colcon.colcon_core.package_identification:_identify(tests/integration) by extensions ['colcon_pkg']
[0.131s] Level 1:colcon.colcon_core.package_identification:_identify(tests/integration) by extension 'colcon_pkg'
[0.131s] Level 1:colcon.colcon_core.package_identification:_identify(tests/integration) by extensions ['colcon_meta']
[0.131s] Level 1:colcon.colcon_core.package_identification:_identify(tests/integration) by extension 'colcon_meta'
[0.131s] Level 1:colcon.colcon_core.package_identification:_identify(tests/integration) by extensions ['ros']
[0.131s] Level 1:colcon.colcon_core.package_identification:_identify(tests/integration) by extension 'ros'
[0.132s] Level 1:colcon.colcon_core.package_identification:_identify(tests/integration) by extensions ['cmake', 'python']
[0.132s] Level 1:colcon.colcon_core.package_identification:_identify(tests/integration) by extension 'cmake'
[0.132s] Level 1:colcon.colcon_core.package_identification:_identify(tests/integration) by extension 'python'
[0.132s] Level 1:colcon.colcon_core.package_identification:_identify(tests/integration) by extensions ['python_setup_py']
[0.132s] Level 1:colcon.colcon_core.package_identification:_identify(tests/integration) by extension 'python_setup_py'
[0.132s] Level 1:colcon.colcon_core.package_identification:_identify(tests/simulation) by extensions ['ignore', 'ignore_ament_install']
[0.132s] Level 1:colcon.colcon_core.package_identification:_identify(tests/simulation) by extension 'ignore'
[0.132s] Level 1:colcon.colcon_core.package_identification:_identify(tests/simulation) by extension 'ignore_ament_install'
[0.132s] Level 1:colcon.colcon_core.package_identification:_identify(tests/simulation) by extensions ['colcon_pkg']
[0.132s] Level 1:colcon.colcon_core.package_identification:_identify(tests/simulation) by extension 'colcon_pkg'
[0.132s] Level 1:colcon.colcon_core.package_identification:_identify(tests/simulation) by extensions ['colcon_meta']
[0.132s] Level 1:colcon.colcon_core.package_identification:_identify(tests/simulation) by extension 'colcon_meta'
[0.132s] Level 1:colcon.colcon_core.package_identification:_identify(tests/simulation) by extensions ['ros']
[0.132s] Level 1:colcon.colcon_core.package_identification:_identify(tests/simulation) by extension 'ros'
[0.132s] Level 1:colcon.colcon_core.package_identification:_identify(tests/simulation) by extensions ['cmake', 'python']
[0.132s] Level 1:colcon.colcon_core.package_identification:_identify(tests/simulation) by extension 'cmake'
[0.132s] Level 1:colcon.colcon_core.package_identification:_identify(tests/simulation) by extension 'python'
[0.132s] Level 1:colcon.colcon_core.package_identification:_identify(tests/simulation) by extensions ['python_setup_py']
[0.132s] Level 1:colcon.colcon_core.package_identification:_identify(tests/simulation) by extension 'python_setup_py'
[0.132s] Level 1:colcon.colcon_core.package_identification:_identify(tests/unit) by extensions ['ignore', 'ignore_ament_install']
[0.132s] Level 1:colcon.colcon_core.package_identification:_identify(tests/unit) by extension 'ignore'
[0.132s] Level 1:colcon.colcon_core.package_identification:_identify(tests/unit) by extension 'ignore_ament_install'
[0.132s] Level 1:colcon.colcon_core.package_identification:_identify(tests/unit) by extensions ['colcon_pkg']
[0.132s] Level 1:colcon.colcon_core.package_identification:_identify(tests/unit) by extension 'colcon_pkg'
[0.132s] Level 1:colcon.colcon_core.package_identification:_identify(tests/unit) by extensions ['colcon_meta']
[0.132s] Level 1:colcon.colcon_core.package_identification:_identify(tests/unit) by extension 'colcon_meta'
[0.132s] Level 1:colcon.colcon_core.package_identification:_identify(tests/unit) by extensions ['ros']
[0.132s] Level 1:colcon.colcon_core.package_identification:_identify(tests/unit) by extension 'ros'
[0.132s] Level 1:colcon.colcon_core.package_identification:_identify(tests/unit) by extensions ['cmake', 'python']
[0.132s] Level 1:colcon.colcon_core.package_identification:_identify(tests/unit) by extension 'cmake'
[0.132s] Level 1:colcon.colcon_core.package_identification:_identify(tests/unit) by extension 'python'
[0.132s] Level 1:colcon.colcon_core.package_identification:_identify(tests/unit) by extensions ['python_setup_py']
[0.132s] Level 1:colcon.colcon_core.package_identification:_identify(tests/unit) by extension 'python_setup_py'
[0.132s] Level 1:colcon.colcon_core.package_discovery:discover_packages(recursive) using defaults
[0.132s] Level 1:colcon.colcon_core.package_discovery:discover_packages(ignore) discover
[0.132s] Level 1:colcon.colcon_core.package_discovery:discover_packages(ignore) using defaults
[0.132s] Level 1:colcon.colcon_core.package_discovery:discover_packages(path) discover
[0.132s] Level 1:colcon.colcon_core.package_discovery:discover_packages(path) using defaults
[0.145s] Level 5:colcon.colcon_core.verb:set package 'bringup' build argument 'cmake_args' from command line to 'None'
[0.146s] Level 5:colcon.colcon_core.verb:set package 'bringup' build argument 'cmake_target' from command line to 'None'
[0.146s] Level 5:colcon.colcon_core.verb:set package 'bringup' build argument 'cmake_target_skip_unavailable' from command line to 'False'
[0.146s] Level 5:colcon.colcon_core.verb:set package 'bringup' build argument 'cmake_clean_cache' from command line to 'False'
[0.146s] Level 5:colcon.colcon_core.verb:set package 'bringup' build argument 'cmake_clean_first' from command line to 'False'
[0.146s] Level 5:colcon.colcon_core.verb:set package 'bringup' build argument 'cmake_force_configure' from command line to 'False'
[0.146s] Level 5:colcon.colcon_core.verb:set package 'bringup' build argument 'ament_cmake_args' from command line to 'None'
[0.146s] Level 5:colcon.colcon_core.verb:set package 'bringup' build argument 'catkin_cmake_args' from command line to 'None'
[0.146s] Level 5:colcon.colcon_core.verb:set package 'bringup' build argument 'catkin_skip_building_tests' from command line to 'False'
[0.146s] DEBUG:colcon.colcon_core.verb:Building package 'bringup' with the following arguments: {'ament_cmake_args': None, 'build_base': '/home/aerosar/ws/build/bringup', 'catkin_cmake_args': None, 'catkin_skip_building_tests': False, 'cmake_args': None, 'cmake_clean_cache': False, 'cmake_clean_first': False, 'cmake_force_configure': False, 'cmake_target': None, 'cmake_target_skip_unavailable': False, 'install_base': '/home/aerosar/ws/install/bringup', 'merge_install': False, 'path': '/home/aerosar/ws/src/1_interfaces/bringup', 'symlink_install': True, 'test_result_base': None}
[0.146s] Level 5:colcon.colcon_core.verb:set package 'eval' build argument 'cmake_args' from command line to 'None'
[0.146s] Level 5:colcon.colcon_core.verb:set package 'eval' build argument 'cmake_target' from command line to 'None'
[0.146s] Level 5:colcon.colcon_core.verb:set package 'eval' build argument 'cmake_target_skip_unavailable' from command line to 'False'
[0.146s] Level 5:colcon.colcon_core.verb:set package 'eval' build argument 'cmake_clean_cache' from command line to 'False'
[0.146s] Level 5:colcon.colcon_core.verb:set package 'eval' build argument 'cmake_clean_first' from command line to 'False'
[0.146s] Level 5:colcon.colcon_core.verb:set package 'eval' build argument 'cmake_force_configure' from command line to 'False'
[0.146s] Level 5:colcon.colcon_core.verb:set package 'eval' build argument 'ament_cmake_args' from command line to 'None'
[0.146s] Level 5:colcon.colcon_core.verb:set package 'eval' build argument 'catkin_cmake_args' from command line to 'None'
[0.146s] Level 5:colcon.colcon_core.verb:set package 'eval' build argument 'catkin_skip_building_tests' from command line to 'False'
[0.146s] DEBUG:colcon.colcon_core.verb:Building package 'eval' with the following arguments: {'ament_cmake_args': None, 'build_base': '/home/aerosar/ws/build/eval', 'catkin_cmake_args': None, 'catkin_skip_building_tests': False, 'cmake_args': None, 'cmake_clean_cache': False, 'cmake_clean_first': False, 'cmake_force_configure': False, 'cmake_target': None, 'cmake_target_skip_unavailable': False, 'install_base': '/home/aerosar/ws/install/eval', 'merge_install': False, 'path': '/home/aerosar/ws/src/5_output/eval', 'symlink_install': True, 'test_result_base': None}
[0.146s] Level 5:colcon.colcon_core.verb:set package 'geolocation' build argument 'cmake_args' from command line to 'None'
[0.146s] Level 5:colcon.colcon_core.verb:set package 'geolocation' build argument 'cmake_target' from command line to 'None'
[0.146s] Level 5:colcon.colcon_core.verb:set package 'geolocation' build argument 'cmake_target_skip_unavailable' from command line to 'False'
[0.146s] Level 5:colcon.colcon_core.verb:set package 'geolocation' build argument 'cmake_clean_cache' from command line to 'False'
[0.146s] Level 5:colcon.colcon_core.verb:set package 'geolocation' build argument 'cmake_clean_first' from command line to 'False'
[0.146s] Level 5:colcon.colcon_core.verb:set package 'geolocation' build argument 'cmake_force_configure' from command line to 'False'
[0.146s] Level 5:colcon.colcon_core.verb:set package 'geolocation' build argument 'ament_cmake_args' from command line to 'None'
[0.146s] Level 5:colcon.colcon_core.verb:set package 'geolocation' build argument 'catkin_cmake_args' from command line to 'None'
[0.146s] Level 5:colcon.colcon_core.verb:set package 'geolocation' build argument 'catkin_skip_building_tests' from command line to 'False'
[0.146s] DEBUG:colcon.colcon_core.verb:Building package 'geolocation' with the following arguments: {'ament_cmake_args': None, 'build_base': '/home/aerosar/ws/build/geolocation', 'catkin_cmake_args': None, 'catkin_skip_building_tests': False, 'cmake_args': None, 'cmake_clean_cache': False, 'cmake_clean_first': False, 'cmake_force_configure': False, 'cmake_target': None, 'cmake_target_skip_unavailable': False, 'install_base': '/home/aerosar/ws/install/geolocation', 'merge_install': False, 'path': '/home/aerosar/ws/src/4_perception/geolocation', 'symlink_install': True, 'test_result_base': None}
[0.146s] Level 5:colcon.colcon_core.verb:set package 'mapping' build argument 'cmake_args' from command line to 'None'
[0.146s] Level 5:colcon.colcon_core.verb:set package 'mapping' build argument 'cmake_target' from command line to 'None'
[0.146s] Level 5:colcon.colcon_core.verb:set package 'mapping' build argument 'cmake_target_skip_unavailable' from command line to 'False'
[0.146s] Level 5:colcon.colcon_core.verb:set package 'mapping' build argument 'cmake_clean_cache' from command line to 'False'
[0.146s] Level 5:colcon.colcon_core.verb:set package 'mapping' build argument 'cmake_clean_first' from command line to 'False'
[0.146s] Level 5:colcon.colcon_core.verb:set package 'mapping' build argument 'cmake_force_configure' from command line to 'False'
[0.146s] Level 5:colcon.colcon_core.verb:set package 'mapping' build argument 'ament_cmake_args' from command line to 'None'
[0.146s] Level 5:colcon.colcon_core.verb:set package 'mapping' build argument 'catkin_cmake_args' from command line to 'None'
[0.146s] Level 5:colcon.colcon_core.verb:set package 'mapping' build argument 'catkin_skip_building_tests' from command line to 'False'
[0.146s] DEBUG:colcon.colcon_core.verb:Building package 'mapping' with the following arguments: {'ament_cmake_args': None, 'build_base': '/home/aerosar/ws/build/mapping', 'catkin_cmake_args': None, 'catkin_skip_building_tests': False, 'cmake_args': None, 'cmake_clean_cache': False, 'cmake_clean_first': False, 'cmake_force_configure': False, 'cmake_target': None, 'cmake_target_skip_unavailable': False, 'install_base': '/home/aerosar/ws/install/mapping', 'merge_install': False, 'path': '/home/aerosar/ws/src/3_autonomy/mapping', 'symlink_install': True, 'test_result_base': None}
[0.146s] Level 5:colcon.colcon_core.verb:set package 'mission_manager' build argument 'cmake_args' from command line to 'None'
[0.146s] Level 5:colcon.colcon_core.verb:set package 'mission_manager' build argument 'cmake_target' from command line to 'None'
[0.146s] Level 5:colcon.colcon_core.verb:set package 'mission_manager' build argument 'cmake_target_skip_unavailable' from command line to 'False'
[0.146s] Level 5:colcon.colcon_core.verb:set package 'mission_manager' build argument 'cmake_clean_cache' from command line to 'False'
[0.146s] Level 5:colcon.colcon_core.verb:set package 'mission_manager' build argument 'cmake_clean_first' from command line to 'False'
[0.146s] Level 5:colcon.colcon_core.verb:set package 'mission_manager' build argument 'cmake_force_configure' from command line to 'False'
[0.146s] Level 5:colcon.colcon_core.verb:set package 'mission_manager' build argument 'ament_cmake_args' from command line to 'None'
[0.146s] Level 5:colcon.colcon_core.verb:set package 'mission_manager' build argument 'catkin_cmake_args' from command line to 'None'
[0.146s] Level 5:colcon.colcon_core.verb:set package 'mission_manager' build argument 'catkin_skip_building_tests' from command line to 'False'
[0.146s] DEBUG:colcon.colcon_core.verb:Building package 'mission_manager' with the following arguments: {'ament_cmake_args': None, 'build_base': '/home/aerosar/ws/build/mission_manager', 'catkin_cmake_args': None, 'catkin_skip_building_tests': False, 'cmake_args': None, 'cmake_clean_cache': False, 'cmake_clean_first': False, 'cmake_force_configure': False, 'cmake_target': None, 'cmake_target_skip_unavailable': False, 'install_base': '/home/aerosar/ws/install/mission_manager', 'merge_install': False, 'path': '/home/aerosar/ws/src/2_control/mission_manager', 'symlink_install': True, 'test_result_base': None}
[0.146s] Level 5:colcon.colcon_core.verb:set package 'msgs' build argument 'cmake_args' from command line to 'None'
[0.146s] Level 5:colcon.colcon_core.verb:set package 'msgs' build argument 'cmake_target' from command line to 'None'
[0.146s] Level 5:colcon.colcon_core.verb:set package 'msgs' build argument 'cmake_target_skip_unavailable' from command line to 'False'
[0.147s] Level 5:colcon.colcon_core.verb:set package 'msgs' build argument 'cmake_clean_cache' from command line to 'False'
[0.147s] Level 5:colcon.colcon_core.verb:set package 'msgs' build argument 'cmake_clean_first' from command line to 'False'
[0.147s] Level 5:colcon.colcon_core.verb:set package 'msgs' build argument 'cmake_force_configure' from command line to 'False'
[0.147s] Level 5:colcon.colcon_core.verb:set package 'msgs' build argument 'ament_cmake_args' from command line to 'None'
[0.147s] Level 5:colcon.colcon_core.verb:set package 'msgs' build argument 'catkin_cmake_args' from command line to 'None'
[0.147s] Level 5:colcon.colcon_core.verb:set package 'msgs' build argument 'catkin_skip_building_tests' from command line to 'False'
[0.147s] DEBUG:colcon.colcon_core.verb:Building package 'msgs' with the following arguments: {'ament_cmake_args': None, 'build_base': '/home/aerosar/ws/build/msgs', 'catkin_cmake_args': None, 'catkin_skip_building_tests': False, 'cmake_args': None, 'cmake_clean_cache': False, 'cmake_clean_first': False, 'cmake_force_configure': False, 'cmake_target': None, 'cmake_target_skip_unavailable': False, 'install_base': '/home/aerosar/ws/install/msgs', 'merge_install': False, 'path': '/home/aerosar/ws/src/1_interfaces/msgs', 'symlink_install': True, 'test_result_base': None}
[0.147s] Level 5:colcon.colcon_core.verb:set package 'perception' build argument 'cmake_args' from command line to 'None'
[0.147s] Level 5:colcon.colcon_core.verb:set package 'perception' build argument 'cmake_target' from command line to 'None'
[0.147s] Level 5:colcon.colcon_core.verb:set package 'perception' build argument 'cmake_target_skip_unavailable' from command line to 'False'
[0.147s] Level 5:colcon.colcon_core.verb:set package 'perception' build argument 'cmake_clean_cache' from command line to 'False'
[0.147s] Level 5:colcon.colcon_core.verb:set package 'perception' build argument 'cmake_clean_first' from command line to 'False'
[0.147s] Level 5:colcon.colcon_core.verb:set package 'perception' build argument 'cmake_force_configure' from command line to 'False'
[0.147s] Level 5:colcon.colcon_core.verb:set package 'perception' build argument 'ament_cmake_args' from command line to 'None'
[0.147s] Level 5:colcon.colcon_core.verb:set package 'perception' build argument 'catkin_cmake_args' from command line to 'None'
[0.147s] Level 5:colcon.colcon_core.verb:set package 'perception' build argument 'catkin_skip_building_tests' from command line to 'False'
[0.147s] DEBUG:colcon.colcon_core.verb:Building package 'perception' with the following arguments: {'ament_cmake_args': None, 'build_base': '/home/aerosar/ws/build/perception', 'catkin_cmake_args': None, 'catkin_skip_building_tests': False, 'cmake_args': None, 'cmake_clean_cache': False, 'cmake_clean_first': False, 'cmake_force_configure': False, 'cmake_target': None, 'cmake_target_skip_unavailable': False, 'install_base': '/home/aerosar/ws/install/perception', 'merge_install': False, 'path': '/home/aerosar/ws/src/4_perception/perception', 'symlink_install': True, 'test_result_base': None}
[0.147s] Level 5:colcon.colcon_core.verb:set package 'planner' build argument 'cmake_args' from command line to 'None'
[0.147s] Level 5:colcon.colcon_core.verb:set package 'planner' build argument 'cmake_target' from command line to 'None'
[0.147s] Level 5:colcon.colcon_core.verb:set package 'planner' build argument 'cmake_target_skip_unavailable' from command line to 'False'
[0.147s] Level 5:colcon.colcon_core.verb:set package 'planner' build argument 'cmake_clean_cache' from command line to 'False'
[0.147s] Level 5:colcon.colcon_core.verb:set package 'planner' build argument 'cmake_clean_first' from command line to 'False'
[0.147s] Level 5:colcon.colcon_core.verb:set package 'planner' build argument 'cmake_force_configure' from command line to 'False'
[0.147s] Level 5:colcon.colcon_core.verb:set package 'planner' build argument 'ament_cmake_args' from command line to 'None'
[0.147s] Level 5:colcon.colcon_core.verb:set package 'planner' build argument 'catkin_cmake_args' from command line to 'None'
[0.147s] Level 5:colcon.colcon_core.verb:set package 'planner' build argument 'catkin_skip_building_tests' from command line to 'False'
[0.147s] DEBUG:colcon.colcon_core.verb:Building package 'planner' with the following arguments: {'ament_cmake_args': None, 'build_base': '/home/aerosar/ws/build/planner', 'catkin_cmake_args': None, 'catkin_skip_building_tests': False, 'cmake_args': None, 'cmake_clean_cache': False, 'cmake_clean_first': False, 'cmake_force_configure': False, 'cmake_target': None, 'cmake_target_skip_unavailable': False, 'install_base': '/home/aerosar/ws/install/planner', 'merge_install': False, 'path': '/home/aerosar/ws/src/3_autonomy/planner', 'symlink_install': True, 'test_result_base': None}
[0.147s] Level 5:colcon.colcon_core.verb:set package 'px4_interface' build argument 'cmake_args' from command line to 'None'
[0.147s] Level 5:colcon.colcon_core.verb:set package 'px4_interface' build argument 'cmake_target' from command line to 'None'
[0.147s] Level 5:colcon.colcon_core.verb:set package 'px4_interface' build argument 'cmake_target_skip_unavailable' from command line to 'False'
[0.147s] Level 5:colcon.colcon_core.verb:set package 'px4_interface' build argument 'cmake_clean_cache' from command line to 'False'
[0.147s] Level 5:colcon.colcon_core.verb:set package 'px4_interface' build argument 'cmake_clean_first' from command line to 'False'
[0.147s] Level 5:colcon.colcon_core.verb:set package 'px4_interface' build argument 'cmake_force_configure' from command line to 'False'
[0.147s] Level 5:colcon.colcon_core.verb:set package 'px4_interface' build argument 'ament_cmake_args' from command line to 'None'
[0.147s] Level 5:colcon.colcon_core.verb:set package 'px4_interface' build argument 'catkin_cmake_args' from command line to 'None'
[0.147s] Level 5:colcon.colcon_core.verb:set package 'px4_interface' build argument 'catkin_skip_building_tests' from command line to 'False'
[0.147s] DEBUG:colcon.colcon_core.verb:Building package 'px4_interface' with the following arguments: {'ament_cmake_args': None, 'build_base': '/home/aerosar/ws/build/px4_interface', 'catkin_cmake_args': None, 'catkin_skip_building_tests': False, 'cmake_args': None, 'cmake_clean_cache': False, 'cmake_clean_first': False, 'cmake_force_configure': False, 'cmake_target': None, 'cmake_target_skip_unavailable': False, 'install_base': '/home/aerosar/ws/install/px4_interface', 'merge_install': False, 'path': '/home/aerosar/ws/src/2_control/px4_interface', 'symlink_install': True, 'test_result_base': None}
[0.147s] Level 5:colcon.colcon_core.verb:set package 'reporting' build argument 'cmake_args' from command line to 'None'
[0.147s] Level 5:colcon.colcon_core.verb:set package 'reporting' build argument 'cmake_target' from command line to 'None'
[0.147s] Level 5:colcon.colcon_core.verb:set package 'reporting' build argument 'cmake_target_skip_unavailable' from command line to 'False'
[0.147s] Level 5:colcon.colcon_core.verb:set package 'reporting' build argument 'cmake_clean_cache' from command line to 'False'
[0.147s] Level 5:colcon.colcon_core.verb:set package 'reporting' build argument 'cmake_clean_first' from command line to 'False'
[0.147s] Level 5:colcon.colcon_core.verb:set package 'reporting' build argument 'cmake_force_configure' from command line to 'False'
[0.147s] Level 5:colcon.colcon_core.verb:set package 'reporting' build argument 'ament_cmake_args' from command line to 'None'
[0.147s] Level 5:colcon.colcon_core.verb:set package 'reporting' build argument 'catkin_cmake_args' from command line to 'None'
[0.147s] Level 5:colcon.colcon_core.verb:set package 'reporting' build argument 'catkin_skip_building_tests' from command line to 'False'
[0.147s] DEBUG:colcon.colcon_core.verb:Building package 'reporting' with the following arguments: {'ament_cmake_args': None, 'build_base': '/home/aerosar/ws/build/reporting', 'catkin_cmake_args': None, 'catkin_skip_building_tests': False, 'cmake_args': None, 'cmake_clean_cache': False, 'cmake_clean_first': False, 'cmake_force_configure': False, 'cmake_target': None, 'cmake_target_skip_unavailable': False, 'install_base': '/home/aerosar/ws/install/reporting', 'merge_install': False, 'path': '/home/aerosar/ws/src/5_output/reporting', 'symlink_install': True, 'test_result_base': None}
[0.147s] INFO:colcon.colcon_core.executor:Executing jobs using 'parallel' executor
[0.149s] DEBUG:colcon.colcon_parallel_executor.executor.parallel:run_until_complete
[0.149s] INFO:colcon.colcon_ros.task.ament_cmake.build:Building ROS package in '/home/aerosar/ws/src/1_interfaces/bringup' with build type 'ament_cmake'
[0.149s] INFO:colcon.colcon_cmake.task.cmake.build:Building CMake package in '/home/aerosar/ws/src/1_interfaces/bringup'
[0.151s] INFO:colcon.colcon_core.plugin_system:Skipping extension 'colcon_core.shell.bat': Not used on non-Windows systems
[0.151s] INFO:colcon.colcon_core.shell:Skip shell extension 'powershell' for command environment: Not usable outside of PowerShell
[0.151s] DEBUG:colcon.colcon_core.shell:Skip shell extension 'dsv' for command environment
[0.155s] INFO:colcon.colcon_ros.task.ament_python.build:Building ROS package in '/home/aerosar/ws/src/5_output/eval' with build type 'ament_python'
[0.155s] Level 1:colcon.colcon_core.shell:create_environment_hook('eval', 'ament_prefix_path')
[0.155s] INFO:colcon.colcon_core.shell:Creating environment hook '/home/aerosar/ws/install/eval/share/eval/hook/ament_prefix_path.ps1'
[0.156s] INFO:colcon.colcon_core.shell:Creating environment descriptor '/home/aerosar/ws/install/eval/share/eval/hook/ament_prefix_path.dsv'
[0.156s] INFO:colcon.colcon_core.shell:Creating environment hook '/home/aerosar/ws/install/eval/share/eval/hook/ament_prefix_path.sh'
[0.157s] INFO:colcon.colcon_core.shell:Skip shell extension 'powershell' for command environment: Not usable outside of PowerShell
[0.157s] DEBUG:colcon.colcon_core.shell:Skip shell extension 'dsv' for command environment
[0.159s] INFO:colcon.colcon_ros.task.ament_python.build:Building ROS package in '/home/aerosar/ws/src/4_perception/geolocation' with build type 'ament_python'
[0.159s] Level 1:colcon.colcon_core.shell:create_environment_hook('geolocation', 'ament_prefix_path')
[0.159s] INFO:colcon.colcon_core.shell:Creating environment hook '/home/aerosar/ws/install/geolocation/share/geolocation/hook/ament_prefix_path.ps1'
[0.159s] INFO:colcon.colcon_core.shell:Creating environment descriptor '/home/aerosar/ws/install/geolocation/share/geolocation/hook/ament_prefix_path.dsv'
[0.159s] INFO:colcon.colcon_core.shell:Creating environment hook '/home/aerosar/ws/install/geolocation/share/geolocation/hook/ament_prefix_path.sh'
[0.160s] INFO:colcon.colcon_core.shell:Skip shell extension 'powershell' for command environment: Not usable outside of PowerShell
[0.160s] DEBUG:colcon.colcon_core.shell:Skip shell extension 'dsv' for command environment
[0.162s] INFO:colcon.colcon_ros.task.ament_python.build:Building ROS package in '/home/aerosar/ws/src/3_autonomy/mapping' with build type 'ament_python'
[0.162s] Level 1:colcon.colcon_core.shell:create_environment_hook('mapping', 'ament_prefix_path')
[0.162s] INFO:colcon.colcon_core.shell:Creating environment hook '/home/aerosar/ws/install/mapping/share/mapping/hook/ament_prefix_path.ps1'
[0.162s] INFO:colcon.colcon_core.shell:Creating environment descriptor '/home/aerosar/ws/install/mapping/share/mapping/hook/ament_prefix_path.dsv'
[0.162s] INFO:colcon.colcon_core.shell:Creating environment hook '/home/aerosar/ws/install/mapping/share/mapping/hook/ament_prefix_path.sh'
[0.163s] INFO:colcon.colcon_core.shell:Skip shell extension 'powershell' for command environment: Not usable outside of PowerShell
[0.163s] DEBUG:colcon.colcon_core.shell:Skip shell extension 'dsv' for command environment
[0.164s] INFO:colcon.colcon_ros.task.ament_cmake.build:Building ROS package in '/home/aerosar/ws/src/2_control/mission_manager' with build type 'ament_cmake'
[0.164s] INFO:colcon.colcon_cmake.task.cmake.build:Building CMake package in '/home/aerosar/ws/src/2_control/mission_manager'
[0.165s] INFO:colcon.colcon_core.shell:Skip shell extension 'powershell' for command environment: Not usable outside of PowerShell
[0.165s] DEBUG:colcon.colcon_core.shell:Skip shell extension 'dsv' for command environment
[0.166s] INFO:colcon.colcon_ros.task.ament_cmake.build:Building ROS package in '/home/aerosar/ws/src/1_interfaces/msgs' with build type 'ament_cmake'
[0.167s] INFO:colcon.colcon_cmake.task.cmake.build:Building CMake package in '/home/aerosar/ws/src/1_interfaces/msgs'
[0.167s] INFO:colcon.colcon_core.shell:Skip shell extension 'powershell' for command environment: Not usable outside of PowerShell
[0.167s] DEBUG:colcon.colcon_core.shell:Skip shell extension 'dsv' for command environment
[0.168s] INFO:colcon.colcon_ros.task.ament_python.build:Building ROS package in '/home/aerosar/ws/src/4_perception/perception' with build type 'ament_python'
[0.168s] Level 1:colcon.colcon_core.shell:create_environment_hook('perception', 'ament_prefix_path')
[0.168s] INFO:colcon.colcon_core.shell:Creating environment hook '/home/aerosar/ws/install/perception/share/perception/hook/ament_prefix_path.ps1'
[0.169s] INFO:colcon.colcon_core.shell:Creating environment descriptor '/home/aerosar/ws/install/perception/share/perception/hook/ament_prefix_path.dsv'
[0.169s] INFO:colcon.colcon_core.shell:Creating environment hook '/home/aerosar/ws/install/perception/share/perception/hook/ament_prefix_path.sh'
[0.169s] INFO:colcon.colcon_core.shell:Skip shell extension 'powershell' for command environment: Not usable outside of PowerShell
[0.169s] DEBUG:colcon.colcon_core.shell:Skip shell extension 'dsv' for command environment
[0.171s] INFO:colcon.colcon_ros.task.ament_python.build:Building ROS package in '/home/aerosar/ws/src/3_autonomy/planner' with build type 'ament_python'
[0.171s] Level 1:colcon.colcon_core.shell:create_environment_hook('planner', 'ament_prefix_path')
[0.171s] INFO:colcon.colcon_core.shell:Creating environment hook '/home/aerosar/ws/install/planner/share/planner/hook/ament_prefix_path.ps1'
[0.171s] INFO:colcon.colcon_core.shell:Creating environment descriptor '/home/aerosar/ws/install/planner/share/planner/hook/ament_prefix_path.dsv'
[0.172s] INFO:colcon.colcon_core.shell:Creating environment hook '/home/aerosar/ws/install/planner/share/planner/hook/ament_prefix_path.sh'
[0.172s] INFO:colcon.colcon_core.shell:Skip shell extension 'powershell' for command environment: Not usable outside of PowerShell
[0.172s] DEBUG:colcon.colcon_core.shell:Skip shell extension 'dsv' for command environment
[0.174s] INFO:colcon.colcon_ros.task.ament_cmake.build:Building ROS package in '/home/aerosar/ws/src/2_control/px4_interface' with build type 'ament_cmake'
[0.174s] INFO:colcon.colcon_cmake.task.cmake.build:Building CMake package in '/home/aerosar/ws/src/2_control/px4_interface'
[0.174s] INFO:colcon.colcon_core.shell:Skip shell extension 'powershell' for command environment: Not usable outside of PowerShell
[0.174s] DEBUG:colcon.colcon_core.shell:Skip shell extension 'dsv' for command environment
[0.176s] INFO:colcon.colcon_ros.task.ament_python.build:Building ROS package in '/home/aerosar/ws/src/5_output/reporting' with build type 'ament_python'
[0.176s] Level 1:colcon.colcon_core.shell:create_environment_hook('reporting', 'ament_prefix_path')
[0.177s] INFO:colcon.colcon_core.shell:Creating environment hook '/home/aerosar/ws/install/reporting/share/reporting/hook/ament_prefix_path.ps1'
[0.177s] INFO:colcon.colcon_core.shell:Creating environment descriptor '/home/aerosar/ws/install/reporting/share/reporting/hook/ament_prefix_path.dsv'
[0.177s] INFO:colcon.colcon_core.shell:Creating environment hook '/home/aerosar/ws/install/reporting/share/reporting/hook/ament_prefix_path.sh'
[0.178s] INFO:colcon.colcon_core.shell:Skip shell extension 'powershell' for command environment: Not usable outside of PowerShell
[0.178s] DEBUG:colcon.colcon_core.shell:Skip shell extension 'dsv' for command environment
[0.182s] DEBUG:colcon.colcon_core.event_handler.log_command:Invoking command in '/home/aerosar/ws/build/bringup': CMAKE_PREFIX_PATH=${CMAKE_PREFIX_PATH}:/opt/ros/jazzy /usr/bin/cmake /home/aerosar/ws/src/1_interfaces/bringup -DAMENT_CMAKE_SYMLINK_INSTALL=1 -DCMAKE_INSTALL_PREFIX=/home/aerosar/ws/install/bringup
[0.346s] INFO:colcon.colcon_core.task.python.build:Building Python package in '/home/aerosar/ws/src/5_output/eval'
[0.346s] INFO:colcon.colcon_core.shell:Skip shell extension 'powershell' for command environment: Not usable outside of PowerShell
[0.346s] DEBUG:colcon.colcon_core.shell:Skip shell extension 'dsv' for command environment
[0.495s] INFO:colcon.colcon_core.task.python.build:Building Python package in '/home/aerosar/ws/src/4_perception/geolocation'
[0.495s] INFO:colcon.colcon_core.shell:Skip shell extension 'powershell' for command environment: Not usable outside of PowerShell
[0.495s] DEBUG:colcon.colcon_core.shell:Skip shell extension 'dsv' for command environment
[0.630s] INFO:colcon.colcon_core.task.python.build:Building Python package in '/home/aerosar/ws/src/3_autonomy/mapping'
[0.631s] INFO:colcon.colcon_core.shell:Skip shell extension 'powershell' for command environment: Not usable outside of PowerShell
[0.631s] DEBUG:colcon.colcon_core.shell:Skip shell extension 'dsv' for command environment
[0.634s] DEBUG:colcon.colcon_core.event_handler.log_command:Invoking command in '/home/aerosar/ws/build/mission_manager': CMAKE_PREFIX_PATH=${CMAKE_PREFIX_PATH}:/opt/ros/jazzy /usr/bin/cmake /home/aerosar/ws/src/2_control/mission_manager -DAMENT_CMAKE_SYMLINK_INSTALL=1 -DCMAKE_INSTALL_PREFIX=/home/aerosar/ws/install/mission_manager
[0.635s] DEBUG:colcon.colcon_core.event_handler.log_command:Invoking command in '/home/aerosar/ws/build/msgs': CMAKE_PREFIX_PATH=${CMAKE_PREFIX_PATH}:/opt/ros/jazzy /usr/bin/cmake /home/aerosar/ws/src/1_interfaces/msgs -DAMENT_CMAKE_SYMLINK_INSTALL=1 -DCMAKE_INSTALL_PREFIX=/home/aerosar/ws/install/msgs
[0.792s] INFO:colcon.colcon_core.task.python.build:Building Python package in '/home/aerosar/ws/src/4_perception/perception'
[0.792s] INFO:colcon.colcon_core.shell:Skip shell extension 'powershell' for command environment: Not usable outside of PowerShell
[0.792s] DEBUG:colcon.colcon_core.shell:Skip shell extension 'dsv' for command environment
[0.953s] INFO:colcon.colcon_core.task.python.build:Building Python package in '/home/aerosar/ws/src/3_autonomy/planner'
[0.953s] INFO:colcon.colcon_core.shell:Skip shell extension 'powershell' for command environment: Not usable outside of PowerShell
[0.953s] DEBUG:colcon.colcon_core.shell:Skip shell extension 'dsv' for command environment
[0.956s] DEBUG:colcon.colcon_core.event_handler.log_command:Invoking command in '/home/aerosar/ws/build/px4_interface': CMAKE_PREFIX_PATH=${CMAKE_PREFIX_PATH}:/opt/ros/jazzy /usr/bin/cmake /home/aerosar/ws/src/2_control/px4_interface -DAMENT_CMAKE_SYMLINK_INSTALL=1 -DCMAKE_INSTALL_PREFIX=/home/aerosar/ws/install/px4_interface
[0.961s] DEBUG:colcon.colcon_core.event_handler.log_command:Invoked command in '/home/aerosar/ws/build/bringup' returned '0': CMAKE_PREFIX_PATH=${CMAKE_PREFIX_PATH}:/opt/ros/jazzy /usr/bin/cmake /home/aerosar/ws/src/1_interfaces/bringup -DAMENT_CMAKE_SYMLINK_INSTALL=1 -DCMAKE_INSTALL_PREFIX=/home/aerosar/ws/install/bringup
[0.962s] DEBUG:colcon.colcon_core.event_handler.log_command:Invoking command in '/home/aerosar/ws/build/bringup': CMAKE_PREFIX_PATH=${CMAKE_PREFIX_PATH}:/opt/ros/jazzy /usr/bin/cmake --build /home/aerosar/ws/build/bringup -- -j24 -l24
[1.121s] INFO:colcon.colcon_core.task.python.build:Building Python package in '/home/aerosar/ws/src/5_output/reporting'
[1.121s] INFO:colcon.colcon_core.shell:Skip shell extension 'powershell' for command environment: Not usable outside of PowerShell
[1.121s] DEBUG:colcon.colcon_core.shell:Skip shell extension 'dsv' for command environment
[1.133s] DEBUG:colcon.colcon_core.event_handler.log_command:Invoked command in '/home/aerosar/ws/build/bringup' returned '0': CMAKE_PREFIX_PATH=${CMAKE_PREFIX_PATH}:/opt/ros/jazzy /usr/bin/cmake --build /home/aerosar/ws/build/bringup -- -j24 -l24
[1.148s] DEBUG:colcon.colcon_core.event_handler.log_command:Invoking command in '/home/aerosar/ws/build/bringup': CMAKE_PREFIX_PATH=${CMAKE_PREFIX_PATH}:/opt/ros/jazzy /usr/bin/cmake --install /home/aerosar/ws/build/bringup
[1.373s] Level 1:colcon.colcon_core.environment:create_environment_scripts_only(bringup)
[1.374s] DEBUG:colcon.colcon_core.event_handler.log_command:Invoked command in '/home/aerosar/ws/build/bringup' returned '0': CMAKE_PREFIX_PATH=${CMAKE_PREFIX_PATH}:/opt/ros/jazzy /usr/bin/cmake --install /home/aerosar/ws/build/bringup
[1.380s] Level 1:colcon.colcon_core.environment:checking '/home/aerosar/ws/install/bringup' for CMake module files
[1.382s] Level 1:colcon.colcon_core.environment:checking '/home/aerosar/ws/install/bringup' for CMake config files
[1.382s] Level 1:colcon.colcon_core.shell:create_environment_hook('bringup', 'cmake_prefix_path')
[1.382s] INFO:colcon.colcon_core.shell:Creating environment hook '/home/aerosar/ws/install/bringup/share/bringup/hook/cmake_prefix_path.ps1'
[1.383s] INFO:colcon.colcon_core.shell:Creating environment descriptor '/home/aerosar/ws/install/bringup/share/bringup/hook/cmake_prefix_path.dsv'
[1.384s] INFO:colcon.colcon_core.shell:Creating environment hook '/home/aerosar/ws/install/bringup/share/bringup/hook/cmake_prefix_path.sh'
[1.385s] Level 1:colcon.colcon_core.environment:checking '/home/aerosar/ws/install/bringup/bin'
[1.385s] Level 1:colcon.colcon_core.environment:checking '/home/aerosar/ws/install/bringup/lib/pkgconfig/bringup.pc'
[1.386s] Level 1:colcon.colcon_core.environment:checking '/home/aerosar/ws/install/bringup/lib/python3.12/site-packages'
[1.386s] Level 1:colcon.colcon_core.environment:checking '/home/aerosar/ws/install/bringup/bin'
[1.387s] INFO:colcon.colcon_core.shell:Creating package script '/home/aerosar/ws/install/bringup/share/bringup/package.ps1'
[1.389s] INFO:colcon.colcon_core.shell:Creating package descriptor '/home/aerosar/ws/install/bringup/share/bringup/package.dsv'
[1.390s] INFO:colcon.colcon_core.shell:Creating package script '/home/aerosar/ws/install/bringup/share/bringup/package.sh'
[1.391s] INFO:colcon.colcon_core.shell:Creating package script '/home/aerosar/ws/install/bringup/share/bringup/package.bash'
[1.392s] INFO:colcon.colcon_core.shell:Creating package script '/home/aerosar/ws/install/bringup/share/bringup/package.zsh'
[1.394s] Level 1:colcon.colcon_core.environment:create_file_with_runtime_dependencies(/home/aerosar/ws/install/bringup/share/colcon-core/packages/bringup)
[1.395s] Level 1:colcon.colcon_core.environment:create_environment_scripts_only(bringup)
[1.395s] Level 1:colcon.colcon_core.environment:checking '/home/aerosar/ws/install/bringup' for CMake module files
[1.396s] Level 1:colcon.colcon_core.environment:checking '/home/aerosar/ws/install/bringup' for CMake config files
[1.396s] Level 1:colcon.colcon_core.shell:create_environment_hook('bringup', 'cmake_prefix_path')
[1.397s] INFO:colcon.colcon_core.shell:Creating environment hook '/home/aerosar/ws/install/bringup/share/bringup/hook/cmake_prefix_path.ps1'
[1.397s] INFO:colcon.colcon_core.shell:Creating environment descriptor '/home/aerosar/ws/install/bringup/share/bringup/hook/cmake_prefix_path.dsv'
[1.398s] INFO:colcon.colcon_core.shell:Creating environment hook '/home/aerosar/ws/install/bringup/share/bringup/hook/cmake_prefix_path.sh'
[1.399s] Level 1:colcon.colcon_core.environment:checking '/home/aerosar/ws/install/bringup/bin'
[1.400s] Level 1:colcon.colcon_core.environment:checking '/home/aerosar/ws/install/bringup/lib/pkgconfig/bringup.pc'
[1.400s] Level 1:colcon.colcon_core.environment:checking '/home/aerosar/ws/install/bringup/lib/python3.12/site-packages'
[1.401s] Level 1:colcon.colcon_core.environment:checking '/home/aerosar/ws/install/bringup/bin'
[1.401s] INFO:colcon.colcon_core.shell:Creating package script '/home/aerosar/ws/install/bringup/share/bringup/package.ps1'
[1.402s] INFO:colcon.colcon_core.shell:Creating package descriptor '/home/aerosar/ws/install/bringup/share/bringup/package.dsv'
[1.403s] INFO:colcon.colcon_core.shell:Creating package script '/home/aerosar/ws/install/bringup/share/bringup/package.sh'
[1.404s] INFO:colcon.colcon_core.shell:Creating package script '/home/aerosar/ws/install/bringup/share/bringup/package.bash'
[1.404s] INFO:colcon.colcon_core.shell:Creating package script '/home/aerosar/ws/install/bringup/share/bringup/package.zsh'
[1.405s] Level 1:colcon.colcon_core.environment:create_file_with_runtime_dependencies(/home/aerosar/ws/install/bringup/share/colcon-core/packages/bringup)
[1.409s] DEBUG:colcon.colcon_core.event_handler.log_command:Invoked command in '/home/aerosar/ws/build/msgs' returned '0': CMAKE_PREFIX_PATH=${CMAKE_PREFIX_PATH}:/opt/ros/jazzy /usr/bin/cmake /home/aerosar/ws/src/1_interfaces/msgs -DAMENT_CMAKE_SYMLINK_INSTALL=1 -DCMAKE_INSTALL_PREFIX=/home/aerosar/ws/install/msgs
[1.411s] DEBUG:colcon.colcon_core.event_handler.log_command:Invoking command in '/home/aerosar/ws/build/msgs': CMAKE_PREFIX_PATH=${CMAKE_PREFIX_PATH}:/opt/ros/jazzy /usr/bin/cmake --build /home/aerosar/ws/build/msgs -- -j24 -l24
[1.440s] DEBUG:colcon.colcon_core.event_handler.log_command:Invoked command in '/home/aerosar/ws/build/mission_manager' returned '0': CMAKE_PREFIX_PATH=${CMAKE_PREFIX_PATH}:/opt/ros/jazzy /usr/bin/cmake /home/aerosar/ws/src/2_control/mission_manager -DAMENT_CMAKE_SYMLINK_INSTALL=1 -DCMAKE_INSTALL_PREFIX=/home/aerosar/ws/install/mission_manager
[1.441s] DEBUG:colcon.colcon_core.event_handler.log_command:Invoking command in '/home/aerosar/ws/build/mission_manager': CMAKE_PREFIX_PATH=${CMAKE_PREFIX_PATH}:/opt/ros/jazzy /usr/bin/cmake --build /home/aerosar/ws/build/mission_manager -- -j24 -l24
[1.485s] DEBUG:colcon.colcon_core.event_handler.log_command:Invoked command in '/home/aerosar/ws/build/msgs' returned '0': CMAKE_PREFIX_PATH=${CMAKE_PREFIX_PATH}:/opt/ros/jazzy /usr/bin/cmake --build /home/aerosar/ws/build/msgs -- -j24 -l24
[1.486s] DEBUG:colcon.colcon_core.event_handler.log_command:Invoking command in '/home/aerosar/ws/build/msgs': CMAKE_PREFIX_PATH=${CMAKE_PREFIX_PATH}:/opt/ros/jazzy /usr/bin/cmake --install /home/aerosar/ws/build/msgs
[1.511s] DEBUG:colcon.colcon_core.event_handler.log_command:Invoked command in '/home/aerosar/ws/build/mission_manager' returned '0': CMAKE_PREFIX_PATH=${CMAKE_PREFIX_PATH}:/opt/ros/jazzy /usr/bin/cmake --build /home/aerosar/ws/build/mission_manager -- -j24 -l24
[1.512s] DEBUG:colcon.colcon_core.event_handler.log_command:Invoking command in '/home/aerosar/ws/build/mission_manager': CMAKE_PREFIX_PATH=${CMAKE_PREFIX_PATH}:/opt/ros/jazzy /usr/bin/cmake --install /home/aerosar/ws/build/mission_manager
[1.564s] DEBUG:colcon.colcon_core.event_handler.log_command:Invoking command in '/home/aerosar/ws/build/mapping': PYTHONPATH=/home/aerosar/ws/build/mapping/prefix_override:/usr/lib/python3/dist-packages/colcon_core/task/python/colcon_distutils_commands:/home/aerosar/ws/install/mapping/lib/python3.12/site-packages:${PYTHONPATH} /usr/bin/python3 -W ignore:setup.py install is deprecated -W ignore:easy_install command is deprecated setup.py develop --editable --build-directory /home/aerosar/ws/build/mapping/build --no-deps symlink_data
[1.565s] DEBUG:colcon.colcon_core.event_handler.log_command:Invoking command in '/home/aerosar/ws/build/planner': PYTHONPATH=/home/aerosar/ws/build/planner/prefix_override:/usr/lib/python3/dist-packages/colcon_core/task/python/colcon_distutils_commands:/home/aerosar/ws/install/planner/lib/python3.12/site-packages:${PYTHONPATH} /usr/bin/python3 -W ignore:setup.py install is deprecated -W ignore:easy_install command is deprecated setup.py develop --editable --build-directory /home/aerosar/ws/build/planner/build --no-deps symlink_data
[1.567s] DEBUG:colcon.colcon_core.event_handler.log_command:Invoking command in '/home/aerosar/ws/build/eval': PYTHONPATH=/home/aerosar/ws/build/eval/prefix_override:/usr/lib/python3/dist-packages/colcon_core/task/python/colcon_distutils_commands:/home/aerosar/ws/install/eval/lib/python3.12/site-packages:${PYTHONPATH} /usr/bin/python3 -W ignore:setup.py install is deprecated -W ignore:easy_install command is deprecated setup.py develop --editable --build-directory /home/aerosar/ws/build/eval/build --no-deps symlink_data
[1.574s] DEBUG:colcon.colcon_core.event_handler.log_command:Invoking command in '/home/aerosar/ws/build/geolocation': PYTHONPATH=/home/aerosar/ws/build/geolocation/prefix_override:/usr/lib/python3/dist-packages/colcon_core/task/python/colcon_distutils_commands:/home/aerosar/ws/install/geolocation/lib/python3.12/site-packages:${PYTHONPATH} /usr/bin/python3 -W ignore:setup.py install is deprecated -W ignore:easy_install command is deprecated setup.py develop --editable --build-directory /home/aerosar/ws/build/geolocation/build --no-deps symlink_data
[1.577s] DEBUG:colcon.colcon_core.event_handler.log_command:Invoking command in '/home/aerosar/ws/build/perception': PYTHONPATH=/home/aerosar/ws/build/perception/prefix_override:/usr/lib/python3/dist-packages/colcon_core/task/python/colcon_distutils_commands:/home/aerosar/ws/install/perception/lib/python3.12/site-packages:${PYTHONPATH} /usr/bin/python3 -W ignore:setup.py install is deprecated -W ignore:easy_install command is deprecated setup.py develop --editable --build-directory /home/aerosar/ws/build/perception/build --no-deps symlink_data
[1.590s] DEBUG:colcon.colcon_core.event_handler.log_command:Invoking command in '/home/aerosar/ws/build/reporting': PYTHONPATH=/home/aerosar/ws/build/reporting/prefix_override:/usr/lib/python3/dist-packages/colcon_core/task/python/colcon_distutils_commands:/home/aerosar/ws/install/reporting/lib/python3.12/site-packages:${PYTHONPATH} /usr/bin/python3 -W ignore:setup.py install is deprecated -W ignore:easy_install command is deprecated setup.py develop --editable --build-directory /home/aerosar/ws/build/reporting/build --no-deps symlink_data
[1.691s] Level 1:colcon.colcon_core.environment:create_environment_scripts_only(msgs)
[1.692s] Level 1:colcon.colcon_core.environment:checking '/home/aerosar/ws/install/msgs' for CMake module files
[1.692s] DEBUG:colcon.colcon_core.event_handler.log_command:Invoked command in '/home/aerosar/ws/build/msgs' returned '0': CMAKE_PREFIX_PATH=${CMAKE_PREFIX_PATH}:/opt/ros/jazzy /usr/bin/cmake --install /home/aerosar/ws/build/msgs
[1.693s] Level 1:colcon.colcon_core.environment:checking '/home/aerosar/ws/install/msgs' for CMake config files
[1.694s] Level 1:colcon.colcon_core.shell:create_environment_hook('msgs', 'cmake_prefix_path')
[1.694s] INFO:colcon.colcon_core.shell:Creating environment hook '/home/aerosar/ws/install/msgs/share/msgs/hook/cmake_prefix_path.ps1'
[1.695s] INFO:colcon.colcon_core.shell:Creating environment descriptor '/home/aerosar/ws/install/msgs/share/msgs/hook/cmake_prefix_path.dsv'
[1.696s] INFO:colcon.colcon_core.shell:Creating environment hook '/home/aerosar/ws/install/msgs/share/msgs/hook/cmake_prefix_path.sh'
[1.697s] Level 1:colcon.colcon_core.environment:checking '/home/aerosar/ws/install/msgs/bin'
[1.697s] Level 1:colcon.colcon_core.environment:checking '/home/aerosar/ws/install/msgs/lib/pkgconfig/msgs.pc'
[1.698s] Level 1:colcon.colcon_core.environment:checking '/home/aerosar/ws/install/msgs/lib/python3.12/site-packages'
[1.698s] Level 1:colcon.colcon_core.environment:checking '/home/aerosar/ws/install/msgs/bin'
[1.699s] INFO:colcon.colcon_core.shell:Creating package script '/home/aerosar/ws/install/msgs/share/msgs/package.ps1'
[1.709s] INFO:colcon.colcon_core.shell:Creating package descriptor '/home/aerosar/ws/install/msgs/share/msgs/package.dsv'
[1.711s] INFO:colcon.colcon_core.shell:Creating package script '/home/aerosar/ws/install/msgs/share/msgs/package.sh'
[1.712s] INFO:colcon.colcon_core.shell:Creating package script '/home/aerosar/ws/install/msgs/share/msgs/package.bash'
[1.713s] INFO:colcon.colcon_core.shell:Creating package script '/home/aerosar/ws/install/msgs/share/msgs/package.zsh'
[1.713s] Level 1:colcon.colcon_core.environment:create_file_with_runtime_dependencies(/home/aerosar/ws/install/msgs/share/colcon-core/packages/msgs)
[1.714s] Level 1:colcon.colcon_core.environment:create_environment_scripts_only(msgs)
[1.714s] Level 1:colcon.colcon_core.environment:checking '/home/aerosar/ws/install/msgs' for CMake module files
[1.714s] Level 1:colcon.colcon_core.environment:checking '/home/aerosar/ws/install/msgs' for CMake config files
[1.715s] Level 1:colcon.colcon_core.shell:create_environment_hook('msgs', 'cmake_prefix_path')
[1.715s] INFO:colcon.colcon_core.shell:Creating environment hook '/home/aerosar/ws/install/msgs/share/msgs/hook/cmake_prefix_path.ps1'
[1.715s] INFO:colcon.colcon_core.shell:Creating environment descriptor '/home/aerosar/ws/install/msgs/share/msgs/hook/cmake_prefix_path.dsv'
[1.716s] INFO:colcon.colcon_core.shell:Creating environment hook '/home/aerosar/ws/install/msgs/share/msgs/hook/cmake_prefix_path.sh'
[1.716s] Level 1:colcon.colcon_core.environment:checking '/home/aerosar/ws/install/msgs/bin'
[1.716s] Level 1:colcon.colcon_core.environment:checking '/home/aerosar/ws/install/msgs/lib/pkgconfig/msgs.pc'
[1.717s] Level 1:colcon.colcon_core.environment:checking '/home/aerosar/ws/install/msgs/lib/python3.12/site-packages'
[1.717s] Level 1:colcon.colcon_core.environment:checking '/home/aerosar/ws/install/msgs/bin'
[1.717s] INFO:colcon.colcon_core.shell:Creating package script '/home/aerosar/ws/install/msgs/share/msgs/package.ps1'
[1.718s] INFO:colcon.colcon_core.shell:Creating package descriptor '/home/aerosar/ws/install/msgs/share/msgs/package.dsv'
[1.719s] INFO:colcon.colcon_core.shell:Creating package script '/home/aerosar/ws/install/msgs/share/msgs/package.sh'
[1.719s] INFO:colcon.colcon_core.shell:Creating package script '/home/aerosar/ws/install/msgs/share/msgs/package.bash'
[1.719s] INFO:colcon.colcon_core.shell:Creating package script '/home/aerosar/ws/install/msgs/share/msgs/package.zsh'
[1.720s] Level 1:colcon.colcon_core.environment:create_file_with_runtime_dependencies(/home/aerosar/ws/install/msgs/share/colcon-core/packages/msgs)
[1.733s] Level 1:colcon.colcon_core.environment:create_environment_scripts_only(mission_manager)
[1.733s] Level 1:colcon.colcon_core.environment:checking '/home/aerosar/ws/install/mission_manager' for CMake module files
[1.734s] DEBUG:colcon.colcon_core.event_handler.log_command:Invoked command in '/home/aerosar/ws/build/mission_manager' returned '0': CMAKE_PREFIX_PATH=${CMAKE_PREFIX_PATH}:/opt/ros/jazzy /usr/bin/cmake --install /home/aerosar/ws/build/mission_manager
[1.734s] Level 1:colcon.colcon_core.environment:checking '/home/aerosar/ws/install/mission_manager' for CMake config files
[1.734s] Level 1:colcon.colcon_core.shell:create_environment_hook('mission_manager', 'cmake_prefix_path')
[1.734s] INFO:colcon.colcon_core.shell:Creating environment hook '/home/aerosar/ws/install/mission_manager/share/mission_manager/hook/cmake_prefix_path.ps1'
[1.735s] INFO:colcon.colcon_core.shell:Creating environment descriptor '/home/aerosar/ws/install/mission_manager/share/mission_manager/hook/cmake_prefix_path.dsv'
[1.735s] INFO:colcon.colcon_core.shell:Creating environment hook '/home/aerosar/ws/install/mission_manager/share/mission_manager/hook/cmake_prefix_path.sh'
[1.736s] Level 1:colcon.colcon_core.environment:checking '/home/aerosar/ws/install/mission_manager/bin'
[1.736s] Level 1:colcon.colcon_core.environment:checking '/home/aerosar/ws/install/mission_manager/lib/pkgconfig/mission_manager.pc'
[1.736s] Level 1:colcon.colcon_core.environment:checking '/home/aerosar/ws/install/mission_manager/lib/python3.12/site-packages'
[1.737s] Level 1:colcon.colcon_core.environment:checking '/home/aerosar/ws/install/mission_manager/bin'
[1.737s] INFO:colcon.colcon_core.shell:Creating package script '/home/aerosar/ws/install/mission_manager/share/mission_manager/package.ps1'
[1.737s] INFO:colcon.colcon_core.shell:Creating package descriptor '/home/aerosar/ws/install/mission_manager/share/mission_manager/package.dsv'
[1.738s] INFO:colcon.colcon_core.shell:Creating package script '/home/aerosar/ws/install/mission_manager/share/mission_manager/package.sh'
[1.738s] INFO:colcon.colcon_core.shell:Creating package script '/home/aerosar/ws/install/mission_manager/share/mission_manager/package.bash'
[1.739s] INFO:colcon.colcon_core.shell:Creating package script '/home/aerosar/ws/install/mission_manager/share/mission_manager/package.zsh'
[1.739s] Level 1:colcon.colcon_core.environment:create_file_with_runtime_dependencies(/home/aerosar/ws/install/mission_manager/share/colcon-core/packages/mission_manager)
[1.739s] Level 1:colcon.colcon_core.environment:create_environment_scripts_only(mission_manager)
[1.740s] Level 1:colcon.colcon_core.environment:checking '/home/aerosar/ws/install/mission_manager' for CMake module files
[1.740s] Level 1:colcon.colcon_core.environment:checking '/home/aerosar/ws/install/mission_manager' for CMake config files
[1.740s] Level 1:colcon.colcon_core.shell:create_environment_hook('mission_manager', 'cmake_prefix_path')
[1.740s] INFO:colcon.colcon_core.shell:Creating environment hook '/home/aerosar/ws/install/mission_manager/share/mission_manager/hook/cmake_prefix_path.ps1'
[1.741s] INFO:colcon.colcon_core.shell:Creating environment descriptor '/home/aerosar/ws/install/mission_manager/share/mission_manager/hook/cmake_prefix_path.dsv'
[1.741s] INFO:colcon.colcon_core.shell:Creating environment hook '/home/aerosar/ws/install/mission_manager/share/mission_manager/hook/cmake_prefix_path.sh'
[1.742s] Level 1:colcon.colcon_core.environment:checking '/home/aerosar/ws/install/mission_manager/bin'
[1.742s] Level 1:colcon.colcon_core.environment:checking '/home/aerosar/ws/install/mission_manager/lib/pkgconfig/mission_manager.pc'
[1.742s] Level 1:colcon.colcon_core.environment:checking '/home/aerosar/ws/install/mission_manager/lib/python3.12/site-packages'
[1.743s] Level 1:colcon.colcon_core.environment:checking '/home/aerosar/ws/install/mission_manager/bin'
[1.743s] INFO:colcon.colcon_core.shell:Creating package script '/home/aerosar/ws/install/mission_manager/share/mission_manager/package.ps1'
[1.744s] INFO:colcon.colcon_core.shell:Creating package descriptor '/home/aerosar/ws/install/mission_manager/share/mission_manager/package.dsv'
[1.744s] INFO:colcon.colcon_core.shell:Creating package script '/home/aerosar/ws/install/mission_manager/share/mission_manager/package.sh'
[1.745s] INFO:colcon.colcon_core.shell:Creating package script '/home/aerosar/ws/install/mission_manager/share/mission_manager/package.bash'
[1.745s] INFO:colcon.colcon_core.shell:Creating package script '/home/aerosar/ws/install/mission_manager/share/mission_manager/package.zsh'
[1.745s] Level 1:colcon.colcon_core.environment:create_file_with_runtime_dependencies(/home/aerosar/ws/install/mission_manager/share/colcon-core/packages/mission_manager)
[1.829s] DEBUG:colcon.colcon_core.event_handler.log_command:Invoked command in '/home/aerosar/ws/build/eval' returned '1': PYTHONPATH=/home/aerosar/ws/build/eval/prefix_override:/usr/lib/python3/dist-packages/colcon_core/task/python/colcon_distutils_commands:/home/aerosar/ws/install/eval/lib/python3.12/site-packages:${PYTHONPATH} /usr/bin/python3 -W ignore:setup.py install is deprecated -W ignore:easy_install command is deprecated setup.py develop --editable --build-directory /home/aerosar/ws/build/eval/build --no-deps symlink_data
[1.959s] DEBUG:colcon.colcon_parallel_executor.executor.parallel:closing loop
[1.959s] DEBUG:colcon.colcon_parallel_executor.executor.parallel:loop closed
[1.959s] DEBUG:colcon.colcon_parallel_executor.executor.parallel:run_until_complete finished with '1'
[1.959s] DEBUG:colcon.colcon_core.event_reactor:joining thread
[1.968s] INFO:colcon.colcon_core.plugin_system:Skipping extension 'colcon_notification.desktop_notification.notify_send': Could not find 'notify-send'
[1.968s] INFO:colcon.colcon_core.plugin_system:Skipping extension 'colcon_notification.desktop_notification.terminal_notifier': Not used on non-Darwin systems
[1.968s] INFO:colcon.colcon_core.plugin_system:Skipping extension 'colcon_notification.desktop_notification.win32': Not used on non-Windows systems
[1.968s] INFO:colcon.colcon_notification.desktop_notification:Sending desktop notification using 'notify2'
[1.971s] DEBUG:colcon.colcon_notification.desktop_notification.notify2:Failed to initialize notify2: org.freedesktop.DBus.Error.Spawn.ExecFailed: /usr/bin/dbus-launch terminated abnormally without any error message
[1.971s] DEBUG:colcon.colcon_core.event_reactor:joined thread
[1.971s] INFO:colcon.colcon_core.shell:Creating prefix script '/home/aerosar/ws/install/local_setup.ps1'
[1.972s] INFO:colcon.colcon_core.shell:Creating prefix util module '/home/aerosar/ws/install/_local_setup_util_ps1.py'
[1.973s] INFO:colcon.colcon_core.shell:Creating prefix chain script '/home/aerosar/ws/install/setup.ps1'
[1.974s] INFO:colcon.colcon_core.shell:Creating prefix script '/home/aerosar/ws/install/local_setup.sh'
[1.974s] INFO:colcon.colcon_core.shell:Creating prefix util module '/home/aerosar/ws/install/_local_setup_util_sh.py'
[1.974s] INFO:colcon.colcon_core.shell:Creating prefix chain script '/home/aerosar/ws/install/setup.sh'
[1.975s] INFO:colcon.colcon_core.shell:Creating prefix script '/home/aerosar/ws/install/local_setup.bash'
[1.975s] INFO:colcon.colcon_core.shell:Creating prefix chain script '/home/aerosar/ws/install/setup.bash'
[1.976s] INFO:colcon.colcon_core.shell:Creating prefix script '/home/aerosar/ws/install/local_setup.zsh'
[1.976s] INFO:colcon.colcon_core.shell:Creating prefix chain script '/home/aerosar/ws/install/setup.zsh'
