[0.782s] Invoking command in '/home/aerosar/ws/build/px4_interface': CMAKE_PREFIX_PATH=${CMAKE_PREFIX_PATH}:/opt/ros/jazzy /usr/bin/cmake /home/aerosar/ws/src/2_control/px4_interface -DAMENT_CMAKE_SYMLINK_INSTALL=1 -DCMAKE_INSTALL_PREFIX=/home/aerosar/ws/install/px4_interface
[0.826s] -- The C compiler identification is GNU 13.3.0
[0.870s] -- The CXX compiler identification is GNU 13.3.0
[0.883s] -- Detecting C compiler ABI info
[0.956s] -- Detecting C compiler ABI info - done
[0.965s] -- Check for working C compiler: /usr/bin/cc - skipped
[0.966s] -- Detecting C compile features
[0.966s] -- Detecting C compile features - done
[0.978s] -- Detecting CXX compiler ABI info
[1.117s] -- Detecting CXX compiler ABI info - done
[1.139s] -- Check for working CXX compiler: /usr/bin/c++ - skipped
[1.140s] -- Detecting CXX compile features
[1.141s] -- Detecting CXX compile features - done
[1.152s] -- Found ament_cmake: 2.5.6 (/opt/ros/jazzy/share/ament_cmake/cmake)
[1.430s] -- Found Python3: /usr/bin/python3 (found version "3.12.3") found components: Interpreter 
[1.536s] -- Override CMake install command with custom implementation using symlinks instead of copying resources
[1.663s] -- Found ament_lint_auto: 0.17.5 (/opt/ros/jazzy/share/ament_lint_auto/cmake)
[1.766s] -- Added test 'lint_cmake' to check CMake code style
[1.767s] -- Added test 'xmllint' to check XML markup files
[1.768s] -- Configuring done (1.0s)
[1.770s] -- Generating done (0.0s)
[1.771s] -- Build files have been written to: /home/aerosar/ws/build/px4_interface
