-- Found ament_cmake: 2.5.6 (/opt/ros/jazzy/share/ament_cmake/cmake)
-- Override CMake install command with custom implementation using symlinks instead of copying resources
-- Found ament_lint_auto: 0.17.5 (/opt/ros/jazzy/share/ament_lint_auto/cmake)
-- Added test 'lint_cmake' to check CMake code style
-- Added test 'xmllint' to check XML markup files
-- Configuring done (0.3s)
-- Generating done (0.0s)
-- Build files have been written to: /home/aerosar/ws/build/mission_manager
-- Install configuration: ""
-- Execute custom install script
-- Up-to-date symlink: /home/aerosar/ws/install/mission_manager/share/ament_index/resource_index/package_run_dependencies/mission_manager
-- Up-to-date symlink: /home/aerosar/ws/install/mission_manager/share/ament_index/resource_index/parent_prefix_path/mission_manager
-- Up-to-date symlink: /home/aerosar/ws/install/mission_manager/share/mission_manager/environment/ament_prefix_path.sh
-- Up-to-date symlink: /home/aerosar/ws/install/mission_manager/share/mission_manager/environment/ament_prefix_path.dsv
-- Up-to-date symlink: /home/aerosar/ws/install/mission_manager/share/mission_manager/environment/path.sh
-- Up-to-date symlink: /home/aerosar/ws/install/mission_manager/share/mission_manager/environment/path.dsv
-- Up-to-date symlink: /home/aerosar/ws/install/mission_manager/share/mission_manager/local_setup.bash
-- Up-to-date symlink: /home/aerosar/ws/install/mission_manager/share/mission_manager/local_setup.sh
-- Up-to-date symlink: /home/aerosar/ws/install/mission_manager/share/mission_manager/local_setup.zsh
-- Up-to-date symlink: /home/aerosar/ws/install/mission_manager/share/mission_manager/local_setup.dsv
-- Symlinking: /home/aerosar/ws/install/mission_manager/share/mission_manager/package.dsv
-- Up-to-date symlink: /home/aerosar/ws/install/mission_manager/share/ament_index/resource_index/packages/mission_manager
-- Up-to-date symlink: /home/aerosar/ws/install/mission_manager/share/mission_manager/cmake/mission_managerConfig.cmake
-- Up-to-date symlink: /home/aerosar/ws/install/mission_manager/share/mission_manager/cmake/mission_managerConfig-version.cmake
-- Up-to-date symlink: /home/aerosar/ws/install/mission_manager/share/mission_manager/package.xml
