[0.471s] Invoking command in '/home/aerosar/ws/build/mission_manager': CMAKE_PREFIX_PATH=${CMAKE_PREFIX_PATH}:/opt/ros/jazzy /usr/bin/cmake /home/aerosar/ws/src/2_control/mission_manager -DCMAKE_INSTALL_PREFIX=/home/aerosar/ws/install/mission_manager
[0.788s] -- Found ament_cmake: 2.5.6 (/opt/ros/jazzy/share/ament_cmake/cmake)
[0.788s] -- Override CMake install command with custom implementation using symlinks instead of copying resources
[0.788s] -- Found ament_lint_auto: 0.17.5 (/opt/ros/jazzy/share/ament_lint_auto/cmake)
[0.788s] -- Added test 'lint_cmake' to check CMake code style
[0.788s] -- Added test 'xmllint' to check XML markup files
[0.788s] -- Configuring done (0.3s)
[0.788s] -- Generating done (0.0s)
[0.789s] -- Build files have been written to: /home/aerosar/ws/build/mission_manager
[0.789s] Invoked command in '/home/aerosar/ws/build/mission_manager' returned '0': CMAKE_PREFIX_PATH=${CMAKE_PREFIX_PATH}:/opt/ros/jazzy /usr/bin/cmake /home/aerosar/ws/src/2_control/mission_manager -DCMAKE_INSTALL_PREFIX=/home/aerosar/ws/install/mission_manager
[0.790s] Invoking command in '/home/aerosar/ws/build/mission_manager': CMAKE_PREFIX_PATH=${CMAKE_PREFIX_PATH}:/opt/ros/jazzy /usr/bin/cmake --build /home/aerosar/ws/build/mission_manager -- -j24 -l24
[0.949s] Invoked command in '/home/aerosar/ws/build/mission_manager' returned '0': CMAKE_PREFIX_PATH=${CMAKE_PREFIX_PATH}:/opt/ros/jazzy /usr/bin/cmake --build /home/aerosar/ws/build/mission_manager -- -j24 -l24
[0.958s] Invoking command in '/home/aerosar/ws/build/mission_manager': CMAKE_PREFIX_PATH=${CMAKE_PREFIX_PATH}:/opt/ros/jazzy /usr/bin/cmake --install /home/aerosar/ws/build/mission_manager
[0.965s] -- Install configuration: ""
[0.966s] -- Execute custom install script
[0.966s] -- Up-to-date symlink: /home/aerosar/ws/install/mission_manager/share/ament_index/resource_index/package_run_dependencies/mission_manager
[0.966s] -- Up-to-date symlink: /home/aerosar/ws/install/mission_manager/share/ament_index/resource_index/parent_prefix_path/mission_manager
[0.966s] -- Up-to-date symlink: /home/aerosar/ws/install/mission_manager/share/mission_manager/environment/ament_prefix_path.sh
[0.966s] -- Up-to-date symlink: /home/aerosar/ws/install/mission_manager/share/mission_manager/environment/ament_prefix_path.dsv
[0.966s] -- Up-to-date symlink: /home/aerosar/ws/install/mission_manager/share/mission_manager/environment/path.sh
[0.966s] -- Up-to-date symlink: /home/aerosar/ws/install/mission_manager/share/mission_manager/environment/path.dsv
[0.967s] -- Up-to-date symlink: /home/aerosar/ws/install/mission_manager/share/mission_manager/local_setup.bash
[0.967s] -- Up-to-date symlink: /home/aerosar/ws/install/mission_manager/share/mission_manager/local_setup.sh
[0.967s] -- Up-to-date symlink: /home/aerosar/ws/install/mission_manager/share/mission_manager/local_setup.zsh
[0.967s] -- Up-to-date symlink: /home/aerosar/ws/install/mission_manager/share/mission_manager/local_setup.dsv
[0.967s] -- Symlinking: /home/aerosar/ws/install/mission_manager/share/mission_manager/package.dsv
[0.977s] -- Up-to-date symlink: /home/aerosar/ws/install/mission_manager/share/ament_index/resource_index/packages/mission_manager
[0.977s] -- Up-to-date symlink: /home/aerosar/ws/install/mission_manager/share/mission_manager/cmake/mission_managerConfig.cmake
[0.977s] -- Up-to-date symlink: /home/aerosar/ws/install/mission_manager/share/mission_manager/cmake/mission_managerConfig-version.cmake
[0.977s] -- Up-to-date symlink: /home/aerosar/ws/install/mission_manager/share/mission_manager/package.xml
[0.998s] Invoked command in '/home/aerosar/ws/build/mission_manager' returned '0': CMAKE_PREFIX_PATH=${CMAKE_PREFIX_PATH}:/opt/ros/jazzy /usr/bin/cmake --install /home/aerosar/ws/build/mission_manager
