-- Found ament_cmake: 2.5.6 (/opt/ros/jazzy/share/ament_cmake/cmake)
-- Override CMake install command with custom implementation using symlinks instead of copying resources
-- Found ament_lint_auto: 0.17.5 (/opt/ros/jazzy/share/ament_lint_auto/cmake)
-- Added test 'lint_cmake' to check CMake code style
-- Added test 'xmllint' to check XML markup files
-- Configuring done (0.3s)
-- Generating done (0.0s)
-- Build files have been written to: /home/aerosar/ws/build/px4_interface
-- Install configuration: ""
-- Execute custom install script
-- Symlinking: /home/aerosar/ws/install/px4_interface/share/ament_index/resource_index/package_run_dependencies/px4_interface
-- Symlinking: /home/aerosar/ws/install/px4_interface/share/ament_index/resource_index/parent_prefix_path/px4_interface
-- Symlinking: /home/aerosar/ws/install/px4_interface/share/px4_interface/environment/ament_prefix_path.sh
-- Symlinking: /home/aerosar/ws/install/px4_interface/share/px4_interface/environment/ament_prefix_path.dsv
-- Symlinking: /home/aerosar/ws/install/px4_interface/share/px4_interface/environment/path.sh
-- Symlinking: /home/aerosar/ws/install/px4_interface/share/px4_interface/environment/path.dsv
-- Symlinking: /home/aerosar/ws/install/px4_interface/share/px4_interface/local_setup.bash
-- Symlinking: /home/aerosar/ws/install/px4_interface/share/px4_interface/local_setup.sh
-- Symlinking: /home/aerosar/ws/install/px4_interface/share/px4_interface/local_setup.zsh
-- Symlinking: /home/aerosar/ws/install/px4_interface/share/px4_interface/local_setup.dsv
-- Symlinking: /home/aerosar/ws/install/px4_interface/share/px4_interface/package.dsv
-- Symlinking: /home/aerosar/ws/install/px4_interface/share/ament_index/resource_index/packages/px4_interface
-- Symlinking: /home/aerosar/ws/install/px4_interface/share/px4_interface/cmake/px4_interfaceConfig.cmake
-- Symlinking: /home/aerosar/ws/install/px4_interface/share/px4_interface/cmake/px4_interfaceConfig-version.cmake
-- Symlinking: /home/aerosar/ws/install/px4_interface/share/px4_interface/package.xml
