-- Found ament_cmake: 2.5.6 (/opt/ros/jazzy/share/ament_cmake/cmake)
-- Override CMake install command with custom implementation using symlinks instead of copying resources
-- Found ament_lint_auto: 0.17.5 (/opt/ros/jazzy/share/ament_lint_auto/cmake)
-- Added test 'lint_cmake' to check CMake code style
-- Added test 'xmllint' to check XML markup files
-- Configuring done (0.3s)
-- Generating done (0.0s)
-- Build files have been written to: /home/aerosar/ws/build/msgs
-- Install configuration: ""
-- Execute custom install script
-- Up-to-date symlink: /home/aerosar/ws/install/msgs/share/ament_index/resource_index/package_run_dependencies/msgs
-- Up-to-date symlink: /home/aerosar/ws/install/msgs/share/ament_index/resource_index/parent_prefix_path/msgs
-- Up-to-date symlink: /home/aerosar/ws/install/msgs/share/msgs/environment/ament_prefix_path.sh
-- Up-to-date symlink: /home/aerosar/ws/install/msgs/share/msgs/environment/ament_prefix_path.dsv
-- Up-to-date symlink: /home/aerosar/ws/install/msgs/share/msgs/environment/path.sh
-- Up-to-date symlink: /home/aerosar/ws/install/msgs/share/msgs/environment/path.dsv
-- Up-to-date symlink: /home/aerosar/ws/install/msgs/share/msgs/local_setup.bash
-- Up-to-date symlink: /home/aerosar/ws/install/msgs/share/msgs/local_setup.sh
-- Up-to-date symlink: /home/aerosar/ws/install/msgs/share/msgs/local_setup.zsh
-- Up-to-date symlink: /home/aerosar/ws/install/msgs/share/msgs/local_setup.dsv
-- Symlinking: /home/aerosar/ws/install/msgs/share/msgs/package.dsv
-- Up-to-date symlink: /home/aerosar/ws/install/msgs/share/ament_index/resource_index/packages/msgs
-- Up-to-date symlink: /home/aerosar/ws/install/msgs/share/msgs/cmake/msgsConfig.cmake
-- Up-to-date symlink: /home/aerosar/ws/install/msgs/share/msgs/cmake/msgsConfig-version.cmake
-- Up-to-date symlink: /home/aerosar/ws/install/msgs/share/msgs/package.xml
