[0.470s] Invoking command in '/home/aerosar/ws/build/msgs': CMAKE_PREFIX_PATH=${CMAKE_PREFIX_PATH}:/opt/ros/jazzy /usr/bin/cmake /home/aerosar/ws/src/1_interfaces/msgs -DCMAKE_INSTALL_PREFIX=/home/aerosar/ws/install/msgs
[0.787s] -- Found ament_cmake: 2.5.6 (/opt/ros/jazzy/share/ament_cmake/cmake)
[0.787s] -- Override CMake install command with custom implementation using symlinks instead of copying resources
[0.787s] -- Found ament_lint_auto: 0.17.5 (/opt/ros/jazzy/share/ament_lint_auto/cmake)
[0.787s] -- Added test 'lint_cmake' to check CMake code style
[0.787s] -- Added test 'xmllint' to check XML markup files
[0.787s] -- Configuring done (0.3s)
[0.787s] -- Generating done (0.0s)
[0.787s] -- Build files have been written to: /home/aerosar/ws/build/msgs
[0.788s] Invoked command in '/home/aerosar/ws/build/msgs' returned '0': CMAKE_PREFIX_PATH=${CMAKE_PREFIX_PATH}:/opt/ros/jazzy /usr/bin/cmake /home/aerosar/ws/src/1_interfaces/msgs -DCMAKE_INSTALL_PREFIX=/home/aerosar/ws/install/msgs
[0.788s] Invoking command in '/home/aerosar/ws/build/msgs': CMAKE_PREFIX_PATH=${CMAKE_PREFIX_PATH}:/opt/ros/jazzy /usr/bin/cmake --build /home/aerosar/ws/build/msgs -- -j24 -l24
[0.958s] Invoked command in '/home/aerosar/ws/build/msgs' returned '0': CMAKE_PREFIX_PATH=${CMAKE_PREFIX_PATH}:/opt/ros/jazzy /usr/bin/cmake --build /home/aerosar/ws/build/msgs -- -j24 -l24
[0.959s] Invoking command in '/home/aerosar/ws/build/msgs': CMAKE_PREFIX_PATH=${CMAKE_PREFIX_PATH}:/opt/ros/jazzy /usr/bin/cmake --install /home/aerosar/ws/build/msgs
[0.964s] -- Install configuration: ""
[0.964s] -- Execute custom install script
[0.964s] -- Up-to-date symlink: /home/aerosar/ws/install/msgs/share/ament_index/resource_index/package_run_dependencies/msgs
[0.964s] -- Up-to-date symlink: /home/aerosar/ws/install/msgs/share/ament_index/resource_index/parent_prefix_path/msgs
[0.965s] -- Up-to-date symlink: /home/aerosar/ws/install/msgs/share/msgs/environment/ament_prefix_path.sh
[0.965s] -- Up-to-date symlink: /home/aerosar/ws/install/msgs/share/msgs/environment/ament_prefix_path.dsv
[0.965s] -- Up-to-date symlink: /home/aerosar/ws/install/msgs/share/msgs/environment/path.sh
[0.965s] -- Up-to-date symlink: /home/aerosar/ws/install/msgs/share/msgs/environment/path.dsv
[0.965s] -- Up-to-date symlink: /home/aerosar/ws/install/msgs/share/msgs/local_setup.bash
[0.965s] -- Up-to-date symlink: /home/aerosar/ws/install/msgs/share/msgs/local_setup.sh
[0.965s] -- Up-to-date symlink: /home/aerosar/ws/install/msgs/share/msgs/local_setup.zsh
[0.965s] -- Up-to-date symlink: /home/aerosar/ws/install/msgs/share/msgs/local_setup.dsv
[0.965s] -- Symlinking: /home/aerosar/ws/install/msgs/share/msgs/package.dsv
[0.975s] -- Up-to-date symlink: /home/aerosar/ws/install/msgs/share/ament_index/resource_index/packages/msgs
[0.975s] -- Up-to-date symlink: /home/aerosar/ws/install/msgs/share/msgs/cmake/msgsConfig.cmake
[0.975s] -- Up-to-date symlink: /home/aerosar/ws/install/msgs/share/msgs/cmake/msgsConfig-version.cmake
[0.976s] -- Up-to-date symlink: /home/aerosar/ws/install/msgs/share/msgs/package.xml
[0.978s] Invoked command in '/home/aerosar/ws/build/msgs' returned '0': CMAKE_PREFIX_PATH=${CMAKE_PREFIX_PATH}:/opt/ros/jazzy /usr/bin/cmake --install /home/aerosar/ws/build/msgs
