running egg_info
creating ../../../build/evaluator/eval.egg-info
writing ../../../build/evaluator/eval.egg-info/PKG-INFO
writing dependency_links to ../../../build/evaluator/eval.egg-info/dependency_links.txt
writing requirements to ../../../build/evaluator/eval.egg-info/requires.txt
writing top-level names to ../../../build/evaluator/eval.egg-info/top_level.txt
writing manifest file '../../../build/evaluator/eval.egg-info/SOURCES.txt'
reading manifest file '../../../build/evaluator/eval.egg-info/SOURCES.txt'
writing manifest file '../../../build/evaluator/eval.egg-info/SOURCES.txt'
running build
running build_py
creating /home/aerosar/ws/build/evaluator/build/lib/eval
copying eval/__init__.py -> /home/aerosar/ws/build/evaluator/build/lib/eval
running install
running install_lib
creating /home/aerosar/ws/install/evaluator/lib/python3.12/site-packages/eval
copying /home/aerosar/ws/build/evaluator/build/lib/eval/__init__.py -> /home/aerosar/ws/install/evaluator/lib/python3.12/site-packages/eval
byte-compiling /home/aerosar/ws/install/evaluator/lib/python3.12/site-packages/eval/__init__.py to __init__.cpython-312.pyc
running install_data
copying resource/eval -> /home/aerosar/ws/install/evaluator/share/ament_index/resource_index/packages
creating /home/aerosar/ws/install/evaluator/share/eval
copying package.xml -> /home/aerosar/ws/install/evaluator/share/eval
running install_egg_info
Copying ../../../build/evaluator/eval.egg-info to /home/aerosar/ws/install/evaluator/lib/python3.12/site-packages/eval-0.0.0-py3.12.egg-info
running install_scripts
writing list of installed files to '/home/aerosar/ws/build/evaluator/install.log'
